11.4271 	EXP 	Created window1 = Window(allowGUI=True, allowStencil=False, autoLog=True, backendConf=UNKNOWN, backgroundFit=<method-wrapper '__getattribute__' of attributeSetter object at 0x000001D938BD2DC0>, backgroundImage=<method-wrapper '__getattribute__' of attributeSetter object at 0x000001D938BD2D60>, bitsMode=UNKNOWN, blendMode='avg', bpc=(8, 8, 8), color=array([0, 0, 0]), colorSpace='rgb', depthBits=8, fullscr=<method-wrapper '__getattribute__' of attributeSetter object at 0x000001D938BD2B80>, gamma=None, gammaErrorPolicy='raise', lms=UNKNOWN, monitor=<psychopy.monitors.calibTools.Monitor object at 0x000001D93913ADC0>, multiSample=False, name='window1', numSamples=2, pos=(760, 390), screen=0, size=array([400, 300]), stencilBits=0, stereo=False, title='PsychoPy', units='height', useFBO=True, useRetina=False, viewOri=0.0, viewPos=None, viewScale=None, waitBlanking=True, winType='pyglet')
11.4272 	EXP 	window1: mouseVisible = True
11.4272 	EXP 	window1: backgroundImage = ''
11.4272 	EXP 	window1: backgroundFit = 'none'
11.4288 	EXP 	window1: Attempting to measure frame rate of screen (0) ...
11.4288 	EXP 	window1: recordFrameIntervals = False
11.5950 	EXP 	window1: recordFrameIntervals = True
11.7778 	EXP 	Screen (0) actual frame rate measured at 59.99Hz
11.7778 	EXP 	window1: recordFrameIntervals = False
11.7780 	EXP 	window1: mouseVisible = True
11.8982 	WARNING 	launchHubServer: If using the iohub mouse or eyetracker devices, fullScr should be True.
16.8911 	EXP 	AB: status = STARTED
16.8914 	EXP 	window1: mouseVisible = True
17.0385 	EXP 	Created text_insctructions = TextStim(__class__=<class 'psychopy.visual.text.TextStim'>, alignHoriz=method-wrapper(...), alignText='center', alignVert=method-wrapper(...), anchorHoriz='center', anchorVert='center', antialias=True, autoDraw=False, autoLog=True, bold=False, color=array([1., 1., 1.]), colorSpace='rgb', contrast=1.0, depth=0.0, draggable=False, flipHoriz=False, flipVert=False, font='Open Sans', fontFiles=[], height=0.02, italic=False, languageStyle='LTR', name='text_insctructions', opacity=1.0, ori=0.0, pos=array([0., 0.]), rgb=UNKNOWN, text=str(...), units='height', win=Window(...), wrapWidth=1)
17.0387 	EXP 	window1: mouseVisible = True
17.0400 	EXP 	Created context_word = TextStim(__class__=<class 'psychopy.visual.text.TextStim'>, alignHoriz=method-wrapper(...), alignText='center', alignVert=method-wrapper(...), anchorHoriz='center', anchorVert='center', antialias=True, autoDraw=False, autoLog=True, bold=False, color=array([-1., -1.,  1.]), colorSpace='rgb', contrast=1.0, depth=0.0, draggable=False, flipHoriz=False, flipVert=False, font='Open Sans', fontFiles=[], height=0.05, italic=False, languageStyle='LTR', name='context_word', opacity=1.0, ori=0.0, pos=array([0., 0.]), rgb=UNKNOWN, text='', units='height', win=Window(...), wrapWidth=1)
17.0401 	EXP 	window1: mouseVisible = True
17.0414 	EXP 	Created blankContext = TextStim(__class__=<class 'psychopy.visual.text.TextStim'>, alignHoriz=method-wrapper(...), alignText='center', alignVert=method-wrapper(...), anchorHoriz='center', anchorVert='center', antialias=True, autoDraw=False, autoLog=True, bold=False, color=array([1., 1., 1.]), colorSpace='rgb', contrast=1.0, depth=-1.0, draggable=False, flipHoriz=False, flipVert=False, font='Open Sans', fontFiles=[], height=0.05, italic=False, languageStyle='LTR', name='blankContext', opacity=1.0, ori=0.0, pos=array([0., 0.]), rgb=UNKNOWN, text='', units='height', win=Window(...), wrapWidth=1)
17.0415 	EXP 	window1: mouseVisible = True
17.0420 	EXP 	Created text_disctractors = TextStim(__class__=<class 'psychopy.visual.text.TextStim'>, alignHoriz=method-wrapper(...), alignText='center', alignVert=method-wrapper(...), anchorHoriz='center', anchorVert='center', antialias=True, autoDraw=False, autoLog=True, bold=False, color=array([-1., -1.,  1.]), colorSpace='rgb', contrast=1.0, depth=0.0, draggable=False, flipHoriz=False, flipVert=False, font='Open Sans', fontFiles=[], height=0.05, italic=False, languageStyle='LTR', name='text_disctractors', opacity=1.0, ori=0.0, pos=array([0., 0.]), rgb=UNKNOWN, text='', units='height', win=Window(...), wrapWidth=1)
17.0420 	EXP 	window1: mouseVisible = True
17.0425 	EXP 	Created text_T1 = TextStim(__class__=<class 'psychopy.visual.text.TextStim'>, alignHoriz=method-wrapper(...), alignText='center', alignVert=method-wrapper(...), anchorHoriz='center', anchorVert='center', antialias=True, autoDraw=False, autoLog=True, bold=False, color=array([-1., -1.,  1.]), colorSpace='rgb', contrast=1.0, depth=0.0, draggable=False, flipHoriz=False, flipVert=False, font='Open Sans', fontFiles=[], height=0.05, italic=False, languageStyle='LTR', name='text_T1', opacity=1.0, ori=0.0, pos=array([0., 0.]), rgb=UNKNOWN, text='', units='height', win=Window(...), wrapWidth=1)
17.0426 	EXP 	window1: mouseVisible = True
17.0430 	EXP 	Created text_disctractors = TextStim(__class__=<class 'psychopy.visual.text.TextStim'>, alignHoriz=method-wrapper(...), alignText='center', alignVert=method-wrapper(...), anchorHoriz='center', anchorVert='center', antialias=True, autoDraw=False, autoLog=True, bold=False, color=array([-1., -1.,  1.]), colorSpace='rgb', contrast=1.0, depth=0.0, draggable=False, flipHoriz=False, flipVert=False, font='Open Sans', fontFiles=[], height=0.05, italic=False, languageStyle='LTR', name='text_disctractors', opacity=1.0, ori=0.0, pos=array([0., 0.]), rgb=UNKNOWN, text='', units='height', win=Window(...), wrapWidth=1)
17.0431 	EXP 	window1: mouseVisible = True
17.0436 	EXP 	Created text_T2 = TextStim(__class__=<class 'psychopy.visual.text.TextStim'>, alignHoriz=method-wrapper(...), alignText='center', alignVert=method-wrapper(...), anchorHoriz='center', anchorVert='center', antialias=True, autoDraw=False, autoLog=True, bold=False, color=array([ 1., -1., -1.]), colorSpace='rgb', contrast=1.0, depth=0.0, draggable=False, flipHoriz=False, flipVert=False, font='Open Sans', fontFiles=[], height=0.05, italic=False, languageStyle='LTR', name='text_T2', opacity=1.0, ori=0.0, pos=array([0., 0.]), rgb=UNKNOWN, text='', units='height', win=Window(...), wrapWidth=1)
17.0436 	EXP 	window1: mouseVisible = True
17.0441 	EXP 	Created text_disctractors = TextStim(__class__=<class 'psychopy.visual.text.TextStim'>, alignHoriz=method-wrapper(...), alignText='center', alignVert=method-wrapper(...), anchorHoriz='center', anchorVert='center', antialias=True, autoDraw=False, autoLog=True, bold=False, color=array([-1., -1.,  1.]), colorSpace='rgb', contrast=1.0, depth=0.0, draggable=False, flipHoriz=False, flipVert=False, font='Open Sans', fontFiles=[], height=0.05, italic=False, languageStyle='LTR', name='text_disctractors', opacity=1.0, ori=0.0, pos=array([0., 0.]), rgb=UNKNOWN, text='', units='height', win=Window(...), wrapWidth=1)
17.0442 	EXP 	window1: mouseVisible = True
17.0453 	EXP 	Created blankT1_1 = TextStim(__class__=<class 'psychopy.visual.text.TextStim'>, alignHoriz=method-wrapper(...), alignText='center', alignVert=method-wrapper(...), anchorHoriz='center', anchorVert='center', antialias=True, autoDraw=False, autoLog=True, bold=False, color=array([1., 1., 1.]), colorSpace='rgb', contrast=1.0, depth=0.0, draggable=False, flipHoriz=False, flipVert=False, font='Open Sans', fontFiles=[], height=0.05, italic=False, languageStyle='LTR', name='blankT1_1', opacity=1.0, ori=0.0, pos=array([0., 0.]), rgb=UNKNOWN, text='', units='height', win=Window(...), wrapWidth=1)
17.0454 	EXP 	window1: mouseVisible = True
17.0538 	EXP 	Created text_T1ask = TextStim(__class__=<class 'psychopy.visual.text.TextStim'>, alignHoriz=method-wrapper(...), alignText='center', alignVert=method-wrapper(...), anchorHoriz='center', anchorVert='center', antialias=True, autoDraw=False, autoLog=True, bold=False, color=array([-1., -1.,  1.]), colorSpace='rgb', contrast=1.0, depth=-1.0, draggable=False, flipHoriz=False, flipVert=False, font='Open Sans', fontFiles=[], height=0.05, italic=False, languageStyle='LTR', name='text_T1ask', opacity=1.0, ori=0.0, pos=array([0., 0.]), rgb=UNKNOWN, text='?\n\nOdd-F    Even-J', units='height', win=Window(...), wrapWidth=1)
17.0540 	EXP 	window1: mouseVisible = True
17.0551 	EXP 	Created blankT1_2 = TextStim(__class__=<class 'psychopy.visual.text.TextStim'>, alignHoriz=method-wrapper(...), alignText='center', alignVert=method-wrapper(...), anchorHoriz='center', anchorVert='center', antialias=True, autoDraw=False, autoLog=True, bold=False, color=array([1., 1., 1.]), colorSpace='rgb', contrast=1.0, depth=-2.0, draggable=False, flipHoriz=False, flipVert=False, font='Open Sans', fontFiles=[], height=0.05, italic=False, languageStyle='LTR', name='blankT1_2', opacity=1.0, ori=0.0, pos=array([0., 0.]), rgb=UNKNOWN, text='', units='height', win=Window(...), wrapWidth=1)
17.0553 	EXP 	window1: mouseVisible = True
17.0564 	EXP 	Created blankT2_1 = TextStim(__class__=<class 'psychopy.visual.text.TextStim'>, alignHoriz=method-wrapper(...), alignText='center', alignVert=method-wrapper(...), anchorHoriz='center', anchorVert='center', antialias=True, autoDraw=False, autoLog=True, bold=False, color=array([1., 1., 1.]), colorSpace='rgb', contrast=1.0, depth=0.0, draggable=False, flipHoriz=False, flipVert=False, font='Open Sans', fontFiles=[], height=0.05, italic=False, languageStyle='LTR', name='blankT2_1', opacity=1.0, ori=0.0, pos=array([0., 0.]), rgb=UNKNOWN, text='', units='height', win=Window(...), wrapWidth=1)
17.0565 	EXP 	window1: mouseVisible = True
17.0614 	EXP 	Created text_T2ask = TextStim(__class__=<class 'psychopy.visual.text.TextStim'>, alignHoriz=method-wrapper(...), alignText='center', alignVert=method-wrapper(...), anchorHoriz='center', anchorVert='center', antialias=True, autoDraw=False, autoLog=True, bold=False, color=array([-1., -1.,  1.]), colorSpace='rgb', contrast=1.0, depth=-1.0, draggable=False, flipHoriz=False, flipVert=False, font='Open Sans', fontFiles=[], height=0.05, italic=False, languageStyle='LTR', name='text_T2ask', opacity=1.0, ori=0.0, pos=array([0., 0.]), rgb=UNKNOWN, text='?\n\nRelated-F    Unrelated-J', units='height', win=Window(...), wrapWidth=1)
17.0615 	EXP 	window1: mouseVisible = True
17.0627 	EXP 	Created blankT2_2 = TextStim(__class__=<class 'psychopy.visual.text.TextStim'>, alignHoriz=method-wrapper(...), alignText='center', alignVert=method-wrapper(...), anchorHoriz='center', anchorVert='center', antialias=True, autoDraw=False, autoLog=True, bold=False, color=array([1., 1., 1.]), colorSpace='rgb', contrast=1.0, depth=-2.0, draggable=False, flipHoriz=False, flipVert=False, font='Open Sans', fontFiles=[], height=0.05, italic=False, languageStyle='LTR', name='blankT2_2', opacity=1.0, ori=0.0, pos=array([0., 0.]), rgb=UNKNOWN, text='', units='height', win=Window(...), wrapWidth=1)
0.0355 	EXP 	text_insctructions: autoDraw = True
0.2076 	EXP 	Imported LuckList.csv as conditions, 9 conditions, 8 params
0.2079 	EXP 	Created sequence: random, trialTypes=9, nReps=1, seed=None
0.2080 	EXP 	New trial (rep=0, index=0): OrderedDict([('T0', 'XHANDSX'), ('T2', 'XXFEETX'), ('T1', 7777777), ('lagT1', 7), ('lagT2', 1), ('lagEnd', 12), ('responseT1', 'j'), ('responseT2', 'f')])
0.2192 	EXP 	text_insctructions: autoDraw = False
0.2192 	EXP 	context_word: height = 0.05
0.2192 	EXP 	context_word: height = 0.05
0.2192 	EXP 	context_word: height = 0.05
0.2192 	EXP 	context_word: text = 'XHANDSX'
0.2192 	EXP 	context_word: autoDraw = True
1.2041 	EXP 	blankContext: autoDraw = True
1.2203 	EXP 	context_word: autoDraw = False
2.1913 	EXP 	Imported distractors.csv as conditions, 19 conditions, 1 params
2.1917 	EXP 	Created sequence: random, trialTypes=19, nReps=7, seed=None
2.1918 	EXP 	New trial (rep=0, index=0): OrderedDict([('dist', 'KMJCWBH')])
2.2041 	EXP 	blankContext: autoDraw = False
2.2041 	EXP 	context_word: autoDraw = False
2.2041 	EXP 	blankContext: autoDraw = False
2.2041 	EXP 	text_disctractors: height = 0.05
2.2041 	EXP 	text_disctractors: height = 0.05
2.2041 	EXP 	text_disctractors: height = 0.05
2.2041 	EXP 	text_disctractors: text = 'KMJCWBH'
2.2041 	EXP 	text_disctractors: autoDraw = True
2.2721 	EXP 	New trial (rep=0, index=1): OrderedDict([('dist', 'BFSHVMY')])
2.2877 	EXP 	text_disctractors: autoDraw = False
2.2877 	EXP 	text_disctractors: autoDraw = False
2.2877 	EXP 	text_disctractors: height = 0.05
2.2877 	EXP 	text_disctractors: height = 0.05
2.2877 	EXP 	text_disctractors: height = 0.05
2.2877 	EXP 	text_disctractors: text = 'BFSHVMY'
2.2877 	EXP 	text_disctractors: autoDraw = True
2.3551 	EXP 	New trial (rep=0, index=2): OrderedDict([('dist', 'FTVJCQG')])
2.3709 	EXP 	text_disctractors: autoDraw = False
2.3709 	EXP 	text_disctractors: autoDraw = False
2.3709 	EXP 	text_disctractors: height = 0.05
2.3709 	EXP 	text_disctractors: height = 0.05
2.3709 	EXP 	text_disctractors: height = 0.05
2.3709 	EXP 	text_disctractors: text = 'FTVJCQG'
2.3709 	EXP 	text_disctractors: autoDraw = True
2.4388 	EXP 	New trial (rep=0, index=3): OrderedDict([('dist', 'GBDHMJF')])
2.4547 	EXP 	text_disctractors: autoDraw = False
2.4547 	EXP 	text_disctractors: autoDraw = False
2.4547 	EXP 	text_disctractors: height = 0.05
2.4547 	EXP 	text_disctractors: height = 0.05
2.4547 	EXP 	text_disctractors: height = 0.05
2.4547 	EXP 	text_disctractors: text = 'GBDHMJF'
2.4547 	EXP 	text_disctractors: autoDraw = True
2.5220 	EXP 	New trial (rep=0, index=4): OrderedDict([('dist', 'DYGPMWR')])
2.5379 	EXP 	text_disctractors: autoDraw = False
2.5379 	EXP 	text_disctractors: autoDraw = False
2.5379 	EXP 	text_disctractors: height = 0.05
2.5379 	EXP 	text_disctractors: height = 0.05
2.5379 	EXP 	text_disctractors: height = 0.05
2.5379 	EXP 	text_disctractors: text = 'DYGPMWR'
2.5379 	EXP 	text_disctractors: autoDraw = True
2.6057 	EXP 	New trial (rep=0, index=5): OrderedDict([('dist', 'TXWSBDY')])
2.6218 	EXP 	text_disctractors: autoDraw = False
2.6218 	EXP 	text_disctractors: autoDraw = False
2.6218 	EXP 	text_disctractors: height = 0.05
2.6218 	EXP 	text_disctractors: height = 0.05
2.6218 	EXP 	text_disctractors: height = 0.05
2.6218 	EXP 	text_disctractors: text = 'TXWSBDY'
2.6218 	EXP 	text_disctractors: autoDraw = True
2.6889 	EXP 	New trial (rep=0, index=6): OrderedDict([('dist', 'SGWZLKR')])
2.7053 	EXP 	text_disctractors: autoDraw = False
2.7053 	EXP 	text_disctractors: autoDraw = False
2.7053 	EXP 	text_disctractors: height = 0.05
2.7053 	EXP 	text_disctractors: height = 0.05
2.7053 	EXP 	text_disctractors: height = 0.05
2.7053 	EXP 	text_disctractors: text = 'SGWZLKR'
2.7053 	EXP 	text_disctractors: autoDraw = True
2.7725 	EXP 	New trial (rep=0, index=7): OrderedDict([('dist', 'FBVMGYZ')])
2.7884 	EXP 	text_disctractors: autoDraw = False
2.7884 	EXP 	text_disctractors: autoDraw = False
2.7884 	EXP 	text_disctractors: height = 0.05
2.7884 	EXP 	text_disctractors: height = 0.05
2.7884 	EXP 	text_disctractors: height = 0.05
2.7884 	EXP 	text_disctractors: text = 'FBVMGYZ'
2.7884 	EXP 	text_disctractors: autoDraw = True
2.8561 	EXP 	New trial (rep=0, index=8): OrderedDict([('dist', 'TPMRWBX')])
2.8717 	EXP 	text_disctractors: autoDraw = False
2.8717 	EXP 	text_disctractors: autoDraw = False
2.8717 	EXP 	text_disctractors: height = 0.05
2.8717 	EXP 	text_disctractors: height = 0.05
2.8717 	EXP 	text_disctractors: height = 0.05
2.8717 	EXP 	text_disctractors: text = 'TPMRWBX'
2.8717 	EXP 	text_disctractors: autoDraw = True
2.9389 	EXP 	New trial (rep=0, index=9): OrderedDict([('dist', 'MSGNZDX')])
2.9550 	EXP 	text_disctractors: autoDraw = False
2.9550 	EXP 	text_disctractors: autoDraw = False
2.9550 	EXP 	text_disctractors: height = 0.05
2.9550 	EXP 	text_disctractors: height = 0.05
2.9550 	EXP 	text_disctractors: height = 0.05
2.9550 	EXP 	text_disctractors: text = 'MSGNZDX'
2.9550 	EXP 	text_disctractors: autoDraw = True
3.0226 	EXP 	New trial (rep=0, index=10): OrderedDict([('dist', 'TMZYXVJ')])
3.0384 	EXP 	text_disctractors: autoDraw = False
3.0384 	EXP 	text_disctractors: autoDraw = False
3.0384 	EXP 	text_disctractors: height = 0.05
3.0384 	EXP 	text_disctractors: height = 0.05
3.0384 	EXP 	text_disctractors: height = 0.05
3.0384 	EXP 	text_disctractors: text = 'TMZYXVJ'
3.0384 	EXP 	text_disctractors: autoDraw = True
3.1059 	EXP 	New trial (rep=0, index=11): OrderedDict([('dist', 'HRQYSGD')])
3.1220 	EXP 	text_disctractors: autoDraw = False
3.1220 	EXP 	text_disctractors: autoDraw = False
3.1220 	EXP 	text_disctractors: height = 0.05
3.1220 	EXP 	text_disctractors: height = 0.05
3.1220 	EXP 	text_disctractors: height = 0.05
3.1220 	EXP 	text_disctractors: text = 'HRQYSGD'
3.1220 	EXP 	text_disctractors: autoDraw = True
3.1896 	EXP 	New trial (rep=0, index=12): OrderedDict([('dist', 'TBCNLFY')])
3.2053 	EXP 	text_disctractors: autoDraw = False
3.2053 	EXP 	text_disctractors: autoDraw = False
3.2053 	EXP 	text_disctractors: height = 0.05
3.2053 	EXP 	text_disctractors: height = 0.05
3.2053 	EXP 	text_disctractors: height = 0.05
3.2053 	EXP 	text_disctractors: text = 'TBCNLFY'
3.2053 	EXP 	text_disctractors: autoDraw = True
3.2728 	EXP 	New trial (rep=0, index=13): OrderedDict([('dist', 'PSKDHLC')])
3.2887 	EXP 	text_disctractors: autoDraw = False
3.2887 	EXP 	text_disctractors: autoDraw = False
3.2887 	EXP 	text_disctractors: height = 0.05
3.2887 	EXP 	text_disctractors: height = 0.05
3.2887 	EXP 	text_disctractors: height = 0.05
3.2887 	EXP 	text_disctractors: text = 'PSKDHLC'
3.2887 	EXP 	text_disctractors: autoDraw = True
3.3561 	EXP 	New trial (rep=0, index=14): OrderedDict([('dist', 'PNHZFRK')])
3.3723 	EXP 	text_disctractors: autoDraw = False
3.3723 	EXP 	text_disctractors: autoDraw = False
3.3723 	EXP 	text_disctractors: height = 0.05
3.3723 	EXP 	text_disctractors: height = 0.05
3.3723 	EXP 	text_disctractors: height = 0.05
3.3723 	EXP 	text_disctractors: text = 'PNHZFRK'
3.3723 	EXP 	text_disctractors: autoDraw = True
3.4397 	EXP 	New trial (rep=0, index=15): OrderedDict([('dist', 'VYXBTSN')])
3.4555 	EXP 	text_disctractors: autoDraw = False
3.4555 	EXP 	text_disctractors: autoDraw = False
3.4555 	EXP 	text_disctractors: height = 0.05
3.4555 	EXP 	text_disctractors: height = 0.05
3.4555 	EXP 	text_disctractors: height = 0.05
3.4555 	EXP 	text_disctractors: text = 'VYXBTSN'
3.4555 	EXP 	text_disctractors: autoDraw = True
3.5230 	EXP 	New trial (rep=0, index=16): OrderedDict([('dist', 'RMTKWFQ')])
3.5392 	EXP 	text_disctractors: autoDraw = False
3.5392 	EXP 	text_disctractors: autoDraw = False
3.5392 	EXP 	text_disctractors: height = 0.05
3.5392 	EXP 	text_disctractors: height = 0.05
3.5392 	EXP 	text_disctractors: height = 0.05
3.5392 	EXP 	text_disctractors: text = 'RMTKWFQ'
3.5392 	EXP 	text_disctractors: autoDraw = True
3.6065 	EXP 	New trial (rep=0, index=17): OrderedDict([('dist', 'ZTWLDMH')])
3.6224 	EXP 	text_disctractors: autoDraw = False
3.6224 	EXP 	text_disctractors: autoDraw = False
3.6224 	EXP 	text_disctractors: height = 0.05
3.6224 	EXP 	text_disctractors: height = 0.05
3.6224 	EXP 	text_disctractors: height = 0.05
3.6224 	EXP 	text_disctractors: text = 'ZTWLDMH'
3.6224 	EXP 	text_disctractors: autoDraw = True
3.6899 	EXP 	New trial (rep=0, index=18): OrderedDict([('dist', 'CVSKHYF')])
3.7061 	EXP 	text_disctractors: autoDraw = False
3.7061 	EXP 	text_disctractors: autoDraw = False
3.7061 	EXP 	text_disctractors: height = 0.05
3.7061 	EXP 	text_disctractors: height = 0.05
3.7061 	EXP 	text_disctractors: height = 0.05
3.7061 	EXP 	text_disctractors: text = 'CVSKHYF'
3.7061 	EXP 	text_disctractors: autoDraw = True
3.7731 	EXP 	New trial (rep=1, index=0): OrderedDict([('dist', 'CVSKHYF')])
3.7894 	EXP 	text_disctractors: autoDraw = False
3.7894 	EXP 	text_disctractors: autoDraw = False
3.7894 	EXP 	text_disctractors: text = 'CVSKHYF'
3.7894 	EXP 	text_disctractors: autoDraw = True
3.8566 	EXP 	New trial (rep=1, index=1): OrderedDict([('dist', 'VYXBTSN')])
3.8726 	EXP 	text_disctractors: autoDraw = False
3.8726 	EXP 	text_disctractors: autoDraw = False
3.8726 	EXP 	text_disctractors: height = 0.05
3.8726 	EXP 	text_disctractors: height = 0.05
3.8726 	EXP 	text_disctractors: height = 0.05
3.8726 	EXP 	text_disctractors: text = 'VYXBTSN'
3.8726 	EXP 	text_disctractors: autoDraw = True
3.9403 	EXP 	New trial (rep=1, index=2): OrderedDict([('dist', 'BFSHVMY')])
3.9565 	EXP 	text_disctractors: autoDraw = False
3.9565 	EXP 	text_disctractors: autoDraw = False
3.9565 	EXP 	text_disctractors: height = 0.05
3.9565 	EXP 	text_disctractors: height = 0.05
3.9565 	EXP 	text_disctractors: height = 0.05
3.9565 	EXP 	text_disctractors: text = 'BFSHVMY'
3.9565 	EXP 	text_disctractors: autoDraw = True
4.0235 	EXP 	New trial (rep=1, index=3): OrderedDict([('dist', 'TMZYXVJ')])
4.0395 	EXP 	text_disctractors: autoDraw = False
4.0395 	EXP 	text_disctractors: autoDraw = False
4.0395 	EXP 	text_disctractors: height = 0.05
4.0395 	EXP 	text_disctractors: height = 0.05
4.0395 	EXP 	text_disctractors: height = 0.05
4.0395 	EXP 	text_disctractors: text = 'TMZYXVJ'
4.0395 	EXP 	text_disctractors: autoDraw = True
4.1071 	EXP 	New trial (rep=1, index=4): OrderedDict([('dist', 'PNHZFRK')])
4.1230 	EXP 	text_disctractors: autoDraw = False
4.1230 	EXP 	text_disctractors: autoDraw = False
4.1230 	EXP 	text_disctractors: height = 0.05
4.1230 	EXP 	text_disctractors: height = 0.05
4.1230 	EXP 	text_disctractors: height = 0.05
4.1230 	EXP 	text_disctractors: text = 'PNHZFRK'
4.1230 	EXP 	text_disctractors: autoDraw = True
4.1909 	EXP 	New trial (rep=1, index=5): OrderedDict([('dist', 'KMJCWBH')])
4.2066 	EXP 	text_disctractors: autoDraw = False
4.2066 	EXP 	text_disctractors: autoDraw = False
4.2066 	EXP 	text_disctractors: height = 0.05
4.2066 	EXP 	text_disctractors: height = 0.05
4.2066 	EXP 	text_disctractors: height = 0.05
4.2066 	EXP 	text_disctractors: text = 'KMJCWBH'
4.2066 	EXP 	text_disctractors: autoDraw = True
4.2740 	EXP 	New trial (rep=1, index=6): OrderedDict([('dist', 'FTVJCQG')])
4.2901 	EXP 	text_disctractors: autoDraw = False
4.2901 	EXP 	text_disctractors: autoDraw = False
4.2901 	EXP 	text_disctractors: height = 0.05
4.2901 	EXP 	text_disctractors: height = 0.05
4.2901 	EXP 	text_disctractors: height = 0.05
4.2901 	EXP 	text_disctractors: text = 'FTVJCQG'
4.2901 	EXP 	text_disctractors: autoDraw = True
4.3571 	EXP 	New trial (rep=1, index=7): OrderedDict([('dist', 'HRQYSGD')])
4.3732 	EXP 	text_disctractors: autoDraw = False
4.3732 	EXP 	text_disctractors: autoDraw = False
4.3732 	EXP 	text_disctractors: height = 0.05
4.3732 	EXP 	text_disctractors: height = 0.05
4.3732 	EXP 	text_disctractors: height = 0.05
4.3732 	EXP 	text_disctractors: text = 'HRQYSGD'
4.3732 	EXP 	text_disctractors: autoDraw = True
4.4405 	EXP 	New trial (rep=1, index=8): OrderedDict([('dist', 'SGWZLKR')])
4.4567 	EXP 	text_disctractors: autoDraw = False
4.4567 	EXP 	text_disctractors: autoDraw = False
4.4567 	EXP 	text_disctractors: height = 0.05
4.4567 	EXP 	text_disctractors: height = 0.05
4.4567 	EXP 	text_disctractors: height = 0.05
4.4567 	EXP 	text_disctractors: text = 'SGWZLKR'
4.4567 	EXP 	text_disctractors: autoDraw = True
4.5242 	EXP 	New trial (rep=1, index=9): OrderedDict([('dist', 'TBCNLFY')])
4.5402 	EXP 	text_disctractors: autoDraw = False
4.5402 	EXP 	text_disctractors: autoDraw = False
4.5402 	EXP 	text_disctractors: height = 0.05
4.5402 	EXP 	text_disctractors: height = 0.05
4.5402 	EXP 	text_disctractors: height = 0.05
4.5402 	EXP 	text_disctractors: text = 'TBCNLFY'
4.5402 	EXP 	text_disctractors: autoDraw = True
4.6076 	EXP 	New trial (rep=1, index=10): OrderedDict([('dist', 'GBDHMJF')])
4.6233 	EXP 	text_disctractors: autoDraw = False
4.6233 	EXP 	text_disctractors: autoDraw = False
4.6233 	EXP 	text_disctractors: height = 0.05
4.6233 	EXP 	text_disctractors: height = 0.05
4.6233 	EXP 	text_disctractors: height = 0.05
4.6233 	EXP 	text_disctractors: text = 'GBDHMJF'
4.6233 	EXP 	text_disctractors: autoDraw = True
4.6908 	EXP 	New trial (rep=1, index=11): OrderedDict([('dist', 'MSGNZDX')])
4.7070 	EXP 	text_disctractors: autoDraw = False
4.7070 	EXP 	text_disctractors: height = 0.05
4.7070 	EXP 	text_disctractors: height = 0.05
4.7070 	EXP 	text_disctractors: height = 0.05
4.7070 	EXP 	text_disctractors: text = 'MSGNZDX'
4.7070 	EXP 	text_disctractors: autoDraw = True
4.7738 	EXP 	New trial (rep=1, index=12): OrderedDict([('dist', 'RMTKWFQ')])
4.7903 	EXP 	text_disctractors: autoDraw = False
4.7903 	EXP 	text_disctractors: height = 0.05
4.7903 	EXP 	text_disctractors: height = 0.05
4.7903 	EXP 	text_disctractors: height = 0.05
4.7903 	EXP 	text_disctractors: text = 'RMTKWFQ'
4.7903 	EXP 	text_disctractors: autoDraw = True
4.8576 	EXP 	New trial (rep=1, index=13): OrderedDict([('dist', 'PSKDHLC')])
4.8737 	EXP 	text_disctractors: autoDraw = False
4.8737 	EXP 	text_disctractors: height = 0.05
4.8737 	EXP 	text_disctractors: height = 0.05
4.8737 	EXP 	text_disctractors: height = 0.05
4.8737 	EXP 	text_disctractors: text = 'PSKDHLC'
4.8737 	EXP 	text_disctractors: autoDraw = True
4.9406 	EXP 	New trial (rep=1, index=14): OrderedDict([('dist', 'TPMRWBX')])
4.9575 	EXP 	text_disctractors: autoDraw = False
4.9575 	EXP 	text_disctractors: height = 0.05
4.9575 	EXP 	text_disctractors: height = 0.05
4.9575 	EXP 	text_disctractors: height = 0.05
4.9575 	EXP 	text_disctractors: text = 'TPMRWBX'
4.9575 	EXP 	text_disctractors: autoDraw = True
5.0245 	EXP 	New trial (rep=1, index=15): OrderedDict([('dist', 'DYGPMWR')])
5.0406 	EXP 	text_disctractors: autoDraw = False
5.0406 	EXP 	text_disctractors: height = 0.05
5.0406 	EXP 	text_disctractors: height = 0.05
5.0406 	EXP 	text_disctractors: height = 0.05
5.0406 	EXP 	text_disctractors: text = 'DYGPMWR'
5.0406 	EXP 	text_disctractors: autoDraw = True
5.1078 	EXP 	New trial (rep=1, index=16): OrderedDict([('dist', 'FBVMGYZ')])
5.1242 	EXP 	text_disctractors: autoDraw = False
5.1242 	EXP 	text_disctractors: height = 0.05
5.1242 	EXP 	text_disctractors: height = 0.05
5.1242 	EXP 	text_disctractors: height = 0.05
5.1242 	EXP 	text_disctractors: text = 'FBVMGYZ'
5.1242 	EXP 	text_disctractors: autoDraw = True
5.1912 	EXP 	New trial (rep=1, index=17): OrderedDict([('dist', 'TXWSBDY')])
5.2071 	EXP 	text_disctractors: autoDraw = False
5.2071 	EXP 	text_disctractors: height = 0.05
5.2071 	EXP 	text_disctractors: height = 0.05
5.2071 	EXP 	text_disctractors: height = 0.05
5.2071 	EXP 	text_disctractors: text = 'TXWSBDY'
5.2071 	EXP 	text_disctractors: autoDraw = True
5.2751 	EXP 	New trial (rep=1, index=18): OrderedDict([('dist', 'ZTWLDMH')])
5.2910 	EXP 	text_disctractors: autoDraw = False
5.2910 	EXP 	text_disctractors: height = 0.05
5.2910 	EXP 	text_disctractors: height = 0.05
5.2910 	EXP 	text_disctractors: height = 0.05
5.2910 	EXP 	text_disctractors: text = 'ZTWLDMH'
5.2910 	EXP 	text_disctractors: autoDraw = True
5.3582 	EXP 	New trial (rep=2, index=0): OrderedDict([('dist', 'PNHZFRK')])
5.3742 	EXP 	text_disctractors: autoDraw = False
5.3742 	EXP 	text_disctractors: height = 0.05
5.3742 	EXP 	text_disctractors: height = 0.05
5.3742 	EXP 	text_disctractors: height = 0.05
5.3742 	EXP 	text_disctractors: text = 'PNHZFRK'
5.3742 	EXP 	text_disctractors: autoDraw = True
5.4412 	EXP 	New trial (rep=2, index=1): OrderedDict([('dist', 'GBDHMJF')])
5.4578 	EXP 	text_disctractors: autoDraw = False
5.4578 	EXP 	text_disctractors: height = 0.05
5.4578 	EXP 	text_disctractors: height = 0.05
5.4578 	EXP 	text_disctractors: height = 0.05
5.4578 	EXP 	text_disctractors: text = 'GBDHMJF'
5.4578 	EXP 	text_disctractors: autoDraw = True
5.5244 	EXP 	New trial (rep=2, index=2): OrderedDict([('dist', 'BFSHVMY')])
5.5409 	EXP 	text_disctractors: autoDraw = False
5.5409 	EXP 	text_disctractors: height = 0.05
5.5409 	EXP 	text_disctractors: height = 0.05
5.5409 	EXP 	text_disctractors: height = 0.05
5.5409 	EXP 	text_disctractors: text = 'BFSHVMY'
5.5409 	EXP 	text_disctractors: autoDraw = True
5.6082 	EXP 	New trial (rep=2, index=3): OrderedDict([('dist', 'PSKDHLC')])
5.6242 	EXP 	text_disctractors: autoDraw = False
5.6242 	EXP 	text_disctractors: height = 0.05
5.6242 	EXP 	text_disctractors: height = 0.05
5.6242 	EXP 	text_disctractors: height = 0.05
5.6242 	EXP 	text_disctractors: text = 'PSKDHLC'
5.6242 	EXP 	text_disctractors: autoDraw = True
5.6914 	EXP 	New trial (rep=2, index=4): OrderedDict([('dist', 'TBCNLFY')])
5.7085 	EXP 	text_disctractors: autoDraw = False
5.7085 	EXP 	text_disctractors: height = 0.05
5.7085 	EXP 	text_disctractors: height = 0.05
5.7085 	EXP 	text_disctractors: height = 0.05
5.7085 	EXP 	text_disctractors: text = 'TBCNLFY'
5.7085 	EXP 	text_disctractors: autoDraw = True
5.7752 	EXP 	New trial (rep=2, index=5): OrderedDict([('dist', 'CVSKHYF')])
5.7915 	EXP 	text_disctractors: autoDraw = False
5.7915 	EXP 	text_disctractors: height = 0.05
5.7915 	EXP 	text_disctractors: height = 0.05
5.7915 	EXP 	text_disctractors: height = 0.05
5.7915 	EXP 	text_disctractors: text = 'CVSKHYF'
5.7915 	EXP 	text_disctractors: autoDraw = True
5.8583 	EXP 	New trial (rep=2, index=6): OrderedDict([('dist', 'ZTWLDMH')])
5.8745 	EXP 	text_disctractors: autoDraw = False
5.8745 	EXP 	text_disctractors: height = 0.05
5.8745 	EXP 	text_disctractors: height = 0.05
5.8745 	EXP 	text_disctractors: height = 0.05
5.8745 	EXP 	text_disctractors: text = 'ZTWLDMH'
5.8745 	EXP 	text_disctractors: autoDraw = True
5.9418 	EXP 	New trial (rep=2, index=7): OrderedDict([('dist', 'FBVMGYZ')])
5.9582 	EXP 	text_disctractors: autoDraw = False
5.9582 	EXP 	text_disctractors: height = 0.05
5.9582 	EXP 	text_disctractors: height = 0.05
5.9582 	EXP 	text_disctractors: height = 0.05
5.9582 	EXP 	text_disctractors: text = 'FBVMGYZ'
5.9582 	EXP 	text_disctractors: autoDraw = True
6.0257 	EXP 	New trial (rep=2, index=8): OrderedDict([('dist', 'RMTKWFQ')])
6.0417 	EXP 	text_disctractors: autoDraw = False
6.0417 	EXP 	text_disctractors: height = 0.05
6.0417 	EXP 	text_disctractors: height = 0.05
6.0417 	EXP 	text_disctractors: height = 0.05
6.0417 	EXP 	text_disctractors: text = 'RMTKWFQ'
6.0417 	EXP 	text_disctractors: autoDraw = True
6.1087 	EXP 	New trial (rep=2, index=9): OrderedDict([('dist', 'MSGNZDX')])
6.1251 	EXP 	text_disctractors: autoDraw = False
6.1251 	EXP 	text_disctractors: height = 0.05
6.1251 	EXP 	text_disctractors: height = 0.05
6.1251 	EXP 	text_disctractors: height = 0.05
6.1251 	EXP 	text_disctractors: text = 'MSGNZDX'
6.1251 	EXP 	text_disctractors: autoDraw = True
6.1918 	EXP 	New trial (rep=2, index=10): OrderedDict([('dist', 'SGWZLKR')])
6.2085 	EXP 	text_disctractors: autoDraw = False
6.2085 	EXP 	text_disctractors: height = 0.05
6.2085 	EXP 	text_disctractors: height = 0.05
6.2085 	EXP 	text_disctractors: height = 0.05
6.2085 	EXP 	text_disctractors: text = 'SGWZLKR'
6.2085 	EXP 	text_disctractors: autoDraw = True
6.2756 	EXP 	New trial (rep=2, index=11): OrderedDict([('dist', 'KMJCWBH')])
6.2920 	EXP 	text_disctractors: autoDraw = False
6.2920 	EXP 	text_disctractors: height = 0.05
6.2920 	EXP 	text_disctractors: height = 0.05
6.2920 	EXP 	text_disctractors: height = 0.05
6.2920 	EXP 	text_disctractors: text = 'KMJCWBH'
6.2920 	EXP 	text_disctractors: autoDraw = True
6.3587 	EXP 	New trial (rep=2, index=12): OrderedDict([('dist', 'TPMRWBX')])
6.3753 	EXP 	text_disctractors: autoDraw = False
6.3753 	EXP 	text_disctractors: height = 0.05
6.3753 	EXP 	text_disctractors: height = 0.05
6.3753 	EXP 	text_disctractors: height = 0.05
6.3753 	EXP 	text_disctractors: text = 'TPMRWBX'
6.3753 	EXP 	text_disctractors: autoDraw = True
6.4426 	EXP 	New trial (rep=2, index=13): OrderedDict([('dist', 'HRQYSGD')])
6.4586 	EXP 	text_disctractors: autoDraw = False
6.4586 	EXP 	text_disctractors: height = 0.05
6.4586 	EXP 	text_disctractors: height = 0.05
6.4586 	EXP 	text_disctractors: height = 0.05
6.4586 	EXP 	text_disctractors: text = 'HRQYSGD'
6.4586 	EXP 	text_disctractors: autoDraw = True
6.5258 	EXP 	New trial (rep=2, index=14): OrderedDict([('dist', 'DYGPMWR')])
6.5419 	EXP 	text_disctractors: autoDraw = False
6.5419 	EXP 	text_disctractors: height = 0.05
6.5419 	EXP 	text_disctractors: height = 0.05
6.5419 	EXP 	text_disctractors: height = 0.05
6.5419 	EXP 	text_disctractors: text = 'DYGPMWR'
6.5419 	EXP 	text_disctractors: autoDraw = True
6.6092 	EXP 	New trial (rep=2, index=15): OrderedDict([('dist', 'FTVJCQG')])
6.6255 	EXP 	text_disctractors: autoDraw = False
6.6255 	EXP 	text_disctractors: height = 0.05
6.6255 	EXP 	text_disctractors: height = 0.05
6.6255 	EXP 	text_disctractors: height = 0.05
6.6255 	EXP 	text_disctractors: text = 'FTVJCQG'
6.6255 	EXP 	text_disctractors: autoDraw = True
6.6925 	EXP 	New trial (rep=2, index=16): OrderedDict([('dist', 'TMZYXVJ')])
6.7087 	EXP 	text_disctractors: autoDraw = False
6.7087 	EXP 	text_disctractors: height = 0.05
6.7087 	EXP 	text_disctractors: height = 0.05
6.7087 	EXP 	text_disctractors: height = 0.05
6.7087 	EXP 	text_disctractors: text = 'TMZYXVJ'
6.7087 	EXP 	text_disctractors: autoDraw = True
6.7762 	EXP 	New trial (rep=2, index=17): OrderedDict([('dist', 'TXWSBDY')])
6.7932 	EXP 	text_disctractors: autoDraw = False
6.7932 	EXP 	text_disctractors: height = 0.05
6.7932 	EXP 	text_disctractors: height = 0.05
6.7932 	EXP 	text_disctractors: height = 0.05
6.7932 	EXP 	text_disctractors: text = 'TXWSBDY'
6.7932 	EXP 	text_disctractors: autoDraw = True
6.8595 	EXP 	New trial (rep=2, index=18): OrderedDict([('dist', 'VYXBTSN')])
6.8756 	EXP 	text_disctractors: autoDraw = False
6.8756 	EXP 	text_disctractors: height = 0.05
6.8756 	EXP 	text_disctractors: height = 0.05
6.8756 	EXP 	text_disctractors: height = 0.05
6.8756 	EXP 	text_disctractors: text = 'VYXBTSN'
6.8756 	EXP 	text_disctractors: autoDraw = True
6.9427 	EXP 	New trial (rep=3, index=0): OrderedDict([('dist', 'TXWSBDY')])
6.9592 	EXP 	text_disctractors: autoDraw = False
6.9592 	EXP 	text_disctractors: height = 0.05
6.9592 	EXP 	text_disctractors: height = 0.05
6.9592 	EXP 	text_disctractors: height = 0.05
6.9592 	EXP 	text_disctractors: text = 'TXWSBDY'
6.9592 	EXP 	text_disctractors: autoDraw = True
7.0264 	EXP 	New trial (rep=3, index=1): OrderedDict([('dist', 'TBCNLFY')])
7.0425 	EXP 	text_disctractors: autoDraw = False
7.0425 	EXP 	text_disctractors: height = 0.05
7.0425 	EXP 	text_disctractors: height = 0.05
7.0425 	EXP 	text_disctractors: height = 0.05
7.0425 	EXP 	text_disctractors: text = 'TBCNLFY'
7.0425 	EXP 	text_disctractors: autoDraw = True
7.1099 	EXP 	New trial (rep=3, index=2): OrderedDict([('dist', 'VYXBTSN')])
7.1260 	EXP 	text_disctractors: autoDraw = False
7.1260 	EXP 	text_disctractors: height = 0.05
7.1260 	EXP 	text_disctractors: height = 0.05
7.1260 	EXP 	text_disctractors: height = 0.05
7.1260 	EXP 	text_disctractors: text = 'VYXBTSN'
7.1260 	EXP 	text_disctractors: autoDraw = True
7.1931 	EXP 	New trial (rep=3, index=3): OrderedDict([('dist', 'BFSHVMY')])
7.2094 	EXP 	text_disctractors: autoDraw = False
7.2094 	EXP 	text_disctractors: height = 0.05
7.2094 	EXP 	text_disctractors: height = 0.05
7.2094 	EXP 	text_disctractors: height = 0.05
7.2094 	EXP 	text_disctractors: text = 'BFSHVMY'
7.2094 	EXP 	text_disctractors: autoDraw = True
7.2765 	EXP 	New trial (rep=3, index=4): OrderedDict([('dist', 'GBDHMJF')])
7.2930 	EXP 	text_disctractors: autoDraw = False
7.2930 	EXP 	text_disctractors: height = 0.05
7.2930 	EXP 	text_disctractors: height = 0.05
7.2930 	EXP 	text_disctractors: height = 0.05
7.2930 	EXP 	text_disctractors: text = 'GBDHMJF'
7.2930 	EXP 	text_disctractors: autoDraw = True
7.3596 	EXP 	New trial (rep=3, index=5): OrderedDict([('dist', 'DYGPMWR')])
7.3763 	EXP 	text_disctractors: autoDraw = False
7.3763 	EXP 	text_disctractors: height = 0.05
7.3763 	EXP 	text_disctractors: height = 0.05
7.3763 	EXP 	text_disctractors: height = 0.05
7.3763 	EXP 	text_disctractors: text = 'DYGPMWR'
7.3763 	EXP 	text_disctractors: autoDraw = True
7.4435 	EXP 	New trial (rep=3, index=6): OrderedDict([('dist', 'HRQYSGD')])
7.4601 	EXP 	text_disctractors: autoDraw = False
7.4601 	EXP 	text_disctractors: height = 0.05
7.4601 	EXP 	text_disctractors: height = 0.05
7.4601 	EXP 	text_disctractors: height = 0.05
7.4601 	EXP 	text_disctractors: text = 'HRQYSGD'
7.4601 	EXP 	text_disctractors: autoDraw = True
7.5266 	EXP 	New trial (rep=3, index=7): OrderedDict([('dist', 'CVSKHYF')])
7.5433 	EXP 	text_disctractors: autoDraw = False
7.5433 	EXP 	text_disctractors: height = 0.05
7.5433 	EXP 	text_disctractors: height = 0.05
7.5433 	EXP 	text_disctractors: height = 0.05
7.5433 	EXP 	text_disctractors: text = 'CVSKHYF'
7.5433 	EXP 	text_disctractors: autoDraw = True
7.6102 	EXP 	New trial (rep=3, index=8): OrderedDict([('dist', 'ZTWLDMH')])
7.6265 	EXP 	text_disctractors: autoDraw = False
7.6265 	EXP 	text_disctractors: height = 0.05
7.6265 	EXP 	text_disctractors: height = 0.05
7.6265 	EXP 	text_disctractors: height = 0.05
7.6265 	EXP 	text_disctractors: text = 'ZTWLDMH'
7.6265 	EXP 	text_disctractors: autoDraw = True
7.6935 	EXP 	New trial (rep=3, index=9): OrderedDict([('dist', 'RMTKWFQ')])
7.7097 	EXP 	text_disctractors: autoDraw = False
7.7097 	EXP 	text_disctractors: height = 0.05
7.7097 	EXP 	text_disctractors: height = 0.05
7.7097 	EXP 	text_disctractors: height = 0.05
7.7097 	EXP 	text_disctractors: text = 'RMTKWFQ'
7.7097 	EXP 	text_disctractors: autoDraw = True
7.7773 	EXP 	New trial (rep=3, index=10): OrderedDict([('dist', 'MSGNZDX')])
7.7934 	EXP 	text_disctractors: autoDraw = False
7.7934 	EXP 	text_disctractors: height = 0.05
7.7934 	EXP 	text_disctractors: height = 0.05
7.7934 	EXP 	text_disctractors: height = 0.05
7.7934 	EXP 	text_disctractors: text = 'MSGNZDX'
7.7934 	EXP 	text_disctractors: autoDraw = True
7.8605 	EXP 	New trial (rep=3, index=11): OrderedDict([('dist', 'KMJCWBH')])
7.8769 	EXP 	text_disctractors: autoDraw = False
7.8769 	EXP 	text_disctractors: height = 0.05
7.8769 	EXP 	text_disctractors: height = 0.05
7.8769 	EXP 	text_disctractors: height = 0.05
7.8769 	EXP 	text_disctractors: text = 'KMJCWBH'
7.8769 	EXP 	text_disctractors: autoDraw = True
7.9435 	EXP 	New trial (rep=3, index=12): OrderedDict([('dist', 'PNHZFRK')])
7.9601 	EXP 	text_disctractors: autoDraw = False
7.9601 	EXP 	text_disctractors: height = 0.05
7.9601 	EXP 	text_disctractors: height = 0.05
7.9601 	EXP 	text_disctractors: height = 0.05
7.9601 	EXP 	text_disctractors: text = 'PNHZFRK'
7.9601 	EXP 	text_disctractors: autoDraw = True
8.0274 	EXP 	New trial (rep=3, index=13): OrderedDict([('dist', 'PSKDHLC')])
8.0435 	EXP 	text_disctractors: autoDraw = False
8.0435 	EXP 	text_disctractors: height = 0.05
8.0435 	EXP 	text_disctractors: height = 0.05
8.0435 	EXP 	text_disctractors: height = 0.05
8.0435 	EXP 	text_disctractors: text = 'PSKDHLC'
8.0435 	EXP 	text_disctractors: autoDraw = True
8.0938 	EXP 	New trial (rep=3, index=14): OrderedDict([('dist', 'TMZYXVJ')])
8.1104 	EXP 	text_disctractors: autoDraw = False
8.1104 	EXP 	text_disctractors: height = 0.05
8.1104 	EXP 	text_disctractors: height = 0.05
8.1104 	EXP 	text_disctractors: height = 0.05
8.1104 	EXP 	text_disctractors: text = 'TMZYXVJ'
8.1104 	EXP 	text_disctractors: autoDraw = True
8.1774 	EXP 	New trial (rep=3, index=15): OrderedDict([('dist', 'TPMRWBX')])
8.1936 	EXP 	text_disctractors: autoDraw = False
8.1936 	EXP 	text_disctractors: height = 0.05
8.1936 	EXP 	text_disctractors: height = 0.05
8.1936 	EXP 	text_disctractors: height = 0.05
8.1936 	EXP 	text_disctractors: text = 'TPMRWBX'
8.1936 	EXP 	text_disctractors: autoDraw = True
8.2611 	EXP 	New trial (rep=3, index=16): OrderedDict([('dist', 'FTVJCQG')])
8.2775 	EXP 	text_disctractors: autoDraw = False
8.2775 	EXP 	text_disctractors: height = 0.05
8.2775 	EXP 	text_disctractors: height = 0.05
8.2775 	EXP 	text_disctractors: height = 0.05
8.2775 	EXP 	text_disctractors: text = 'FTVJCQG'
8.2775 	EXP 	text_disctractors: autoDraw = True
8.3443 	EXP 	New trial (rep=3, index=17): OrderedDict([('dist', 'FBVMGYZ')])
8.3604 	EXP 	text_disctractors: autoDraw = False
8.3604 	EXP 	text_disctractors: height = 0.05
8.3604 	EXP 	text_disctractors: height = 0.05
8.3604 	EXP 	text_disctractors: height = 0.05
8.3604 	EXP 	text_disctractors: text = 'FBVMGYZ'
8.3604 	EXP 	text_disctractors: autoDraw = True
8.4277 	EXP 	New trial (rep=3, index=18): OrderedDict([('dist', 'SGWZLKR')])
8.4440 	EXP 	text_disctractors: autoDraw = False
8.4440 	EXP 	text_disctractors: height = 0.05
8.4440 	EXP 	text_disctractors: height = 0.05
8.4440 	EXP 	text_disctractors: height = 0.05
8.4440 	EXP 	text_disctractors: text = 'SGWZLKR'
8.4440 	EXP 	text_disctractors: autoDraw = True
8.5112 	EXP 	New trial (rep=4, index=0): OrderedDict([('dist', 'TPMRWBX')])
8.5274 	EXP 	text_disctractors: autoDraw = False
8.5274 	EXP 	text_disctractors: height = 0.05
8.5274 	EXP 	text_disctractors: height = 0.05
8.5274 	EXP 	text_disctractors: height = 0.05
8.5274 	EXP 	text_disctractors: text = 'TPMRWBX'
8.5274 	EXP 	text_disctractors: autoDraw = True
8.5944 	EXP 	New trial (rep=4, index=1): OrderedDict([('dist', 'FBVMGYZ')])
8.6108 	EXP 	text_disctractors: autoDraw = False
8.6108 	EXP 	text_disctractors: height = 0.05
8.6108 	EXP 	text_disctractors: height = 0.05
8.6108 	EXP 	text_disctractors: height = 0.05
8.6108 	EXP 	text_disctractors: text = 'FBVMGYZ'
8.6108 	EXP 	text_disctractors: autoDraw = True
8.6780 	EXP 	New trial (rep=4, index=2): OrderedDict([('dist', 'BFSHVMY')])
8.6946 	EXP 	text_disctractors: autoDraw = False
8.6946 	EXP 	text_disctractors: height = 0.05
8.6946 	EXP 	text_disctractors: height = 0.05
8.6946 	EXP 	text_disctractors: height = 0.05
8.6946 	EXP 	text_disctractors: text = 'BFSHVMY'
8.6946 	EXP 	text_disctractors: autoDraw = True
8.7611 	EXP 	New trial (rep=4, index=3): OrderedDict([('dist', 'VYXBTSN')])
8.7776 	EXP 	text_disctractors: autoDraw = False
8.7776 	EXP 	text_disctractors: height = 0.05
8.7776 	EXP 	text_disctractors: height = 0.05
8.7776 	EXP 	text_disctractors: height = 0.05
8.7776 	EXP 	text_disctractors: text = 'VYXBTSN'
8.7776 	EXP 	text_disctractors: autoDraw = True
8.8447 	EXP 	New trial (rep=4, index=4): OrderedDict([('dist', 'HRQYSGD')])
8.8610 	EXP 	text_disctractors: autoDraw = False
8.8610 	EXP 	text_disctractors: height = 0.05
8.8610 	EXP 	text_disctractors: height = 0.05
8.8610 	EXP 	text_disctractors: height = 0.05
8.8610 	EXP 	text_disctractors: text = 'HRQYSGD'
8.8610 	EXP 	text_disctractors: autoDraw = True
8.9284 	EXP 	New trial (rep=4, index=5): OrderedDict([('dist', 'FTVJCQG')])
8.9449 	EXP 	text_disctractors: autoDraw = False
8.9449 	EXP 	text_disctractors: height = 0.05
8.9449 	EXP 	text_disctractors: height = 0.05
8.9449 	EXP 	text_disctractors: height = 0.05
8.9449 	EXP 	text_disctractors: text = 'FTVJCQG'
8.9449 	EXP 	text_disctractors: autoDraw = True
9.0116 	EXP 	New trial (rep=4, index=6): OrderedDict([('dist', 'SGWZLKR')])
9.0287 	EXP 	text_disctractors: autoDraw = False
9.0287 	EXP 	text_disctractors: height = 0.05
9.0287 	EXP 	text_disctractors: height = 0.05
9.0287 	EXP 	text_disctractors: height = 0.05
9.0287 	EXP 	text_disctractors: text = 'SGWZLKR'
9.0287 	EXP 	text_disctractors: autoDraw = True
9.0948 	EXP 	New trial (rep=4, index=7): OrderedDict([('dist', 'PNHZFRK')])
9.1114 	EXP 	text_disctractors: autoDraw = False
9.1114 	EXP 	text_disctractors: height = 0.05
9.1114 	EXP 	text_disctractors: height = 0.05
9.1114 	EXP 	text_disctractors: height = 0.05
9.1114 	EXP 	text_disctractors: text = 'PNHZFRK'
9.1114 	EXP 	text_disctractors: autoDraw = True
9.1782 	EXP 	New trial (rep=4, index=8): OrderedDict([('dist', 'DYGPMWR')])
9.1949 	EXP 	text_disctractors: autoDraw = False
9.1949 	EXP 	text_disctractors: height = 0.05
9.1949 	EXP 	text_disctractors: height = 0.05
9.1949 	EXP 	text_disctractors: height = 0.05
9.1949 	EXP 	text_disctractors: text = 'DYGPMWR'
9.1949 	EXP 	text_disctractors: autoDraw = True
9.2619 	EXP 	New trial (rep=4, index=9): OrderedDict([('dist', 'KMJCWBH')])
9.2779 	EXP 	text_disctractors: autoDraw = False
9.2779 	EXP 	text_disctractors: height = 0.05
9.2779 	EXP 	text_disctractors: height = 0.05
9.2779 	EXP 	text_disctractors: height = 0.05
9.2779 	EXP 	text_disctractors: text = 'KMJCWBH'
9.2779 	EXP 	text_disctractors: autoDraw = True
9.3451 	EXP 	New trial (rep=4, index=10): OrderedDict([('dist', 'RMTKWFQ')])
9.3618 	EXP 	text_disctractors: autoDraw = False
9.3618 	EXP 	text_disctractors: height = 0.05
9.3618 	EXP 	text_disctractors: height = 0.05
9.3618 	EXP 	text_disctractors: height = 0.05
9.3618 	EXP 	text_disctractors: text = 'RMTKWFQ'
9.3618 	EXP 	text_disctractors: autoDraw = True
9.4285 	EXP 	New trial (rep=4, index=11): OrderedDict([('dist', 'PSKDHLC')])
9.4451 	EXP 	text_disctractors: autoDraw = False
9.4451 	EXP 	text_disctractors: height = 0.05
9.4451 	EXP 	text_disctractors: height = 0.05
9.4451 	EXP 	text_disctractors: height = 0.05
9.4451 	EXP 	text_disctractors: text = 'PSKDHLC'
9.4451 	EXP 	text_disctractors: autoDraw = True
9.5117 	EXP 	New trial (rep=4, index=12): OrderedDict([('dist', 'TMZYXVJ')])
9.5283 	EXP 	text_disctractors: autoDraw = False
9.5283 	EXP 	text_disctractors: height = 0.05
9.5283 	EXP 	text_disctractors: height = 0.05
9.5283 	EXP 	text_disctractors: height = 0.05
9.5283 	EXP 	text_disctractors: text = 'TMZYXVJ'
9.5283 	EXP 	text_disctractors: autoDraw = True
9.5956 	EXP 	New trial (rep=4, index=13): OrderedDict([('dist', 'TBCNLFY')])
9.6118 	EXP 	text_disctractors: autoDraw = False
9.6118 	EXP 	text_disctractors: height = 0.05
9.6118 	EXP 	text_disctractors: height = 0.05
9.6118 	EXP 	text_disctractors: height = 0.05
9.6118 	EXP 	text_disctractors: text = 'TBCNLFY'
9.6118 	EXP 	text_disctractors: autoDraw = True
9.6788 	EXP 	New trial (rep=4, index=14): OrderedDict([('dist', 'TXWSBDY')])
9.6952 	EXP 	text_disctractors: autoDraw = False
9.6952 	EXP 	text_disctractors: height = 0.05
9.6952 	EXP 	text_disctractors: height = 0.05
9.6952 	EXP 	text_disctractors: height = 0.05
9.6952 	EXP 	text_disctractors: text = 'TXWSBDY'
9.6952 	EXP 	text_disctractors: autoDraw = True
9.7621 	EXP 	New trial (rep=4, index=15): OrderedDict([('dist', 'CVSKHYF')])
9.7785 	EXP 	text_disctractors: autoDraw = False
9.7785 	EXP 	text_disctractors: height = 0.05
9.7785 	EXP 	text_disctractors: height = 0.05
9.7785 	EXP 	text_disctractors: height = 0.05
9.7785 	EXP 	text_disctractors: text = 'CVSKHYF'
9.7785 	EXP 	text_disctractors: autoDraw = True
9.8459 	EXP 	New trial (rep=4, index=16): OrderedDict([('dist', 'ZTWLDMH')])
9.8619 	EXP 	text_disctractors: autoDraw = False
9.8619 	EXP 	text_disctractors: height = 0.05
9.8619 	EXP 	text_disctractors: height = 0.05
9.8619 	EXP 	text_disctractors: height = 0.05
9.8619 	EXP 	text_disctractors: text = 'ZTWLDMH'
9.8619 	EXP 	text_disctractors: autoDraw = True
9.9292 	EXP 	New trial (rep=4, index=17): OrderedDict([('dist', 'GBDHMJF')])
9.9455 	EXP 	text_disctractors: autoDraw = False
9.9455 	EXP 	text_disctractors: height = 0.05
9.9455 	EXP 	text_disctractors: height = 0.05
9.9455 	EXP 	text_disctractors: height = 0.05
9.9455 	EXP 	text_disctractors: text = 'GBDHMJF'
9.9455 	EXP 	text_disctractors: autoDraw = True
10.0131 	EXP 	New trial (rep=4, index=18): OrderedDict([('dist', 'MSGNZDX')])
10.0295 	EXP 	text_disctractors: autoDraw = False
10.0295 	EXP 	text_disctractors: height = 0.05
10.0295 	EXP 	text_disctractors: height = 0.05
10.0295 	EXP 	text_disctractors: height = 0.05
10.0295 	EXP 	text_disctractors: text = 'MSGNZDX'
10.0295 	EXP 	text_disctractors: autoDraw = True
10.0964 	EXP 	New trial (rep=5, index=0): OrderedDict([('dist', 'HRQYSGD')])
10.1125 	EXP 	text_disctractors: autoDraw = False
10.1125 	EXP 	text_disctractors: height = 0.05
10.1125 	EXP 	text_disctractors: height = 0.05
10.1125 	EXP 	text_disctractors: height = 0.05
10.1125 	EXP 	text_disctractors: text = 'HRQYSGD'
10.1125 	EXP 	text_disctractors: autoDraw = True
10.1792 	EXP 	New trial (rep=5, index=1): OrderedDict([('dist', 'KMJCWBH')])
10.1960 	EXP 	text_disctractors: autoDraw = False
10.1960 	EXP 	text_disctractors: height = 0.05
10.1960 	EXP 	text_disctractors: height = 0.05
10.1960 	EXP 	text_disctractors: height = 0.05
10.1960 	EXP 	text_disctractors: text = 'KMJCWBH'
10.1960 	EXP 	text_disctractors: autoDraw = True
10.2629 	EXP 	New trial (rep=5, index=2): OrderedDict([('dist', 'TMZYXVJ')])
10.2789 	EXP 	text_disctractors: autoDraw = False
10.2789 	EXP 	text_disctractors: height = 0.05
10.2789 	EXP 	text_disctractors: height = 0.05
10.2789 	EXP 	text_disctractors: height = 0.05
10.2789 	EXP 	text_disctractors: text = 'TMZYXVJ'
10.2789 	EXP 	text_disctractors: autoDraw = True
10.3462 	EXP 	New trial (rep=5, index=3): OrderedDict([('dist', 'VYXBTSN')])
10.3633 	EXP 	text_disctractors: autoDraw = False
10.3633 	EXP 	text_disctractors: height = 0.05
10.3633 	EXP 	text_disctractors: height = 0.05
10.3633 	EXP 	text_disctractors: height = 0.05
10.3633 	EXP 	text_disctractors: text = 'VYXBTSN'
10.3633 	EXP 	text_disctractors: autoDraw = True
10.4299 	EXP 	New trial (rep=5, index=4): OrderedDict([('dist', 'TXWSBDY')])
10.4460 	EXP 	text_disctractors: autoDraw = False
10.4460 	EXP 	text_disctractors: height = 0.05
10.4460 	EXP 	text_disctractors: height = 0.05
10.4460 	EXP 	text_disctractors: height = 0.05
10.4460 	EXP 	text_disctractors: text = 'TXWSBDY'
10.4460 	EXP 	text_disctractors: autoDraw = True
10.5135 	EXP 	New trial (rep=5, index=5): OrderedDict([('dist', 'SGWZLKR')])
10.5297 	EXP 	text_disctractors: autoDraw = False
10.5297 	EXP 	text_disctractors: height = 0.05
10.5297 	EXP 	text_disctractors: height = 0.05
10.5297 	EXP 	text_disctractors: height = 0.05
10.5297 	EXP 	text_disctractors: text = 'SGWZLKR'
10.5297 	EXP 	text_disctractors: autoDraw = True
10.5962 	EXP 	New trial (rep=5, index=6): OrderedDict([('dist', 'ZTWLDMH')])
10.6134 	EXP 	text_disctractors: autoDraw = False
10.6134 	EXP 	text_disctractors: height = 0.05
10.6134 	EXP 	text_disctractors: height = 0.05
10.6134 	EXP 	text_disctractors: height = 0.05
10.6134 	EXP 	text_disctractors: text = 'ZTWLDMH'
10.6134 	EXP 	text_disctractors: autoDraw = True
10.6798 	EXP 	New trial (rep=5, index=7): OrderedDict([('dist', 'CVSKHYF')])
10.6965 	EXP 	text_disctractors: autoDraw = False
10.6965 	EXP 	text_disctractors: height = 0.05
10.6965 	EXP 	text_disctractors: height = 0.05
10.6965 	EXP 	text_disctractors: height = 0.05
10.6965 	EXP 	text_disctractors: text = 'CVSKHYF'
10.6965 	EXP 	text_disctractors: autoDraw = True
10.7635 	EXP 	New trial (rep=5, index=8): OrderedDict([('dist', 'FTVJCQG')])
10.7797 	EXP 	text_disctractors: autoDraw = False
10.7797 	EXP 	text_disctractors: height = 0.05
10.7797 	EXP 	text_disctractors: height = 0.05
10.7797 	EXP 	text_disctractors: height = 0.05
10.7797 	EXP 	text_disctractors: text = 'FTVJCQG'
10.7797 	EXP 	text_disctractors: autoDraw = True
10.8472 	EXP 	New trial (rep=5, index=9): OrderedDict([('dist', 'RMTKWFQ')])
10.8631 	EXP 	text_disctractors: autoDraw = False
10.8631 	EXP 	text_disctractors: height = 0.05
10.8631 	EXP 	text_disctractors: height = 0.05
10.8631 	EXP 	text_disctractors: height = 0.05
10.8631 	EXP 	text_disctractors: text = 'RMTKWFQ'
10.8631 	EXP 	text_disctractors: autoDraw = True
10.9301 	EXP 	New trial (rep=5, index=10): OrderedDict([('dist', 'GBDHMJF')])
10.9464 	EXP 	text_disctractors: autoDraw = False
10.9464 	EXP 	text_disctractors: height = 0.05
10.9464 	EXP 	text_disctractors: height = 0.05
10.9464 	EXP 	text_disctractors: height = 0.05
10.9464 	EXP 	text_disctractors: text = 'GBDHMJF'
10.9464 	EXP 	text_disctractors: autoDraw = True
11.0134 	EXP 	New trial (rep=5, index=11): OrderedDict([('dist', 'FBVMGYZ')])
11.0300 	EXP 	text_disctractors: autoDraw = False
11.0300 	EXP 	text_disctractors: height = 0.05
11.0300 	EXP 	text_disctractors: height = 0.05
11.0300 	EXP 	text_disctractors: height = 0.05
11.0300 	EXP 	text_disctractors: text = 'FBVMGYZ'
11.0300 	EXP 	text_disctractors: autoDraw = True
11.0970 	EXP 	New trial (rep=5, index=12): OrderedDict([('dist', 'PNHZFRK')])
11.1133 	EXP 	text_disctractors: autoDraw = False
11.1133 	EXP 	text_disctractors: height = 0.05
11.1133 	EXP 	text_disctractors: height = 0.05
11.1133 	EXP 	text_disctractors: height = 0.05
11.1133 	EXP 	text_disctractors: text = 'PNHZFRK'
11.1133 	EXP 	text_disctractors: autoDraw = True
11.1807 	EXP 	New trial (rep=5, index=13): OrderedDict([('dist', 'DYGPMWR')])
11.1968 	EXP 	text_disctractors: autoDraw = False
11.1968 	EXP 	text_disctractors: height = 0.05
11.1968 	EXP 	text_disctractors: height = 0.05
11.1968 	EXP 	text_disctractors: height = 0.05
11.1968 	EXP 	text_disctractors: text = 'DYGPMWR'
11.1968 	EXP 	text_disctractors: autoDraw = True
11.2638 	EXP 	New trial (rep=5, index=14): OrderedDict([('dist', 'PSKDHLC')])
11.2800 	EXP 	text_disctractors: autoDraw = False
11.2800 	EXP 	text_disctractors: height = 0.05
11.2800 	EXP 	text_disctractors: height = 0.05
11.2800 	EXP 	text_disctractors: height = 0.05
11.2800 	EXP 	text_disctractors: text = 'PSKDHLC'
11.2800 	EXP 	text_disctractors: autoDraw = True
11.3470 	EXP 	New trial (rep=5, index=15): OrderedDict([('dist', 'MSGNZDX')])
11.3636 	EXP 	text_disctractors: autoDraw = False
11.3636 	EXP 	text_disctractors: height = 0.05
11.3636 	EXP 	text_disctractors: height = 0.05
11.3636 	EXP 	text_disctractors: height = 0.05
11.3636 	EXP 	text_disctractors: text = 'MSGNZDX'
11.3636 	EXP 	text_disctractors: autoDraw = True
11.4141 	EXP 	New trial (rep=5, index=16): OrderedDict([('dist', 'BFSHVMY')])
11.4304 	EXP 	text_disctractors: autoDraw = False
11.4304 	EXP 	text_disctractors: height = 0.05
11.4304 	EXP 	text_disctractors: height = 0.05
11.4304 	EXP 	text_disctractors: height = 0.05
11.4304 	EXP 	text_disctractors: text = 'BFSHVMY'
11.4304 	EXP 	text_disctractors: autoDraw = True
11.4974 	EXP 	New trial (rep=5, index=17): OrderedDict([('dist', 'TBCNLFY')])
11.5139 	EXP 	text_disctractors: autoDraw = False
11.5139 	EXP 	text_disctractors: height = 0.05
11.5139 	EXP 	text_disctractors: height = 0.05
11.5139 	EXP 	text_disctractors: height = 0.05
11.5139 	EXP 	text_disctractors: text = 'TBCNLFY'
11.5139 	EXP 	text_disctractors: autoDraw = True
11.5812 	EXP 	New trial (rep=5, index=18): OrderedDict([('dist', 'TPMRWBX')])
11.5971 	EXP 	text_disctractors: autoDraw = False
11.5971 	EXP 	text_disctractors: height = 0.05
11.5971 	EXP 	text_disctractors: height = 0.05
11.5971 	EXP 	text_disctractors: height = 0.05
11.5971 	EXP 	text_disctractors: text = 'TPMRWBX'
11.5971 	EXP 	text_disctractors: autoDraw = True
11.6645 	EXP 	New trial (rep=6, index=0): OrderedDict([('dist', 'DYGPMWR')])
11.6807 	EXP 	text_disctractors: autoDraw = False
11.6807 	EXP 	text_disctractors: height = 0.05
11.6807 	EXP 	text_disctractors: height = 0.05
11.6807 	EXP 	text_disctractors: height = 0.05
11.6807 	EXP 	text_disctractors: text = 'DYGPMWR'
11.6807 	EXP 	text_disctractors: autoDraw = True
11.7477 	EXP 	New trial (rep=6, index=1): OrderedDict([('dist', 'KMJCWBH')])
11.7639 	EXP 	text_disctractors: autoDraw = False
11.7639 	EXP 	text_disctractors: height = 0.05
11.7639 	EXP 	text_disctractors: height = 0.05
11.7639 	EXP 	text_disctractors: height = 0.05
11.7639 	EXP 	text_disctractors: text = 'KMJCWBH'
11.7639 	EXP 	text_disctractors: autoDraw = True
11.8311 	EXP 	New trial (rep=6, index=2): OrderedDict([('dist', 'RMTKWFQ')])
11.8476 	EXP 	text_disctractors: autoDraw = False
11.8476 	EXP 	text_disctractors: height = 0.05
11.8476 	EXP 	text_disctractors: height = 0.05
11.8476 	EXP 	text_disctractors: height = 0.05
11.8476 	EXP 	text_disctractors: text = 'RMTKWFQ'
11.8476 	EXP 	text_disctractors: autoDraw = True
11.9147 	EXP 	New trial (rep=6, index=3): OrderedDict([('dist', 'VYXBTSN')])
11.9307 	EXP 	text_disctractors: autoDraw = False
11.9307 	EXP 	text_disctractors: height = 0.05
11.9307 	EXP 	text_disctractors: height = 0.05
11.9307 	EXP 	text_disctractors: height = 0.05
11.9307 	EXP 	text_disctractors: text = 'VYXBTSN'
11.9307 	EXP 	text_disctractors: autoDraw = True
11.9977 	EXP 	New trial (rep=6, index=4): OrderedDict([('dist', 'TBCNLFY')])
12.0144 	EXP 	text_disctractors: autoDraw = False
12.0144 	EXP 	text_disctractors: height = 0.05
12.0144 	EXP 	text_disctractors: height = 0.05
12.0144 	EXP 	text_disctractors: height = 0.05
12.0144 	EXP 	text_disctractors: text = 'TBCNLFY'
12.0144 	EXP 	text_disctractors: autoDraw = True
12.0814 	EXP 	New trial (rep=6, index=5): OrderedDict([('dist', 'FTVJCQG')])
12.0974 	EXP 	text_disctractors: autoDraw = False
12.0974 	EXP 	text_disctractors: height = 0.05
12.0974 	EXP 	text_disctractors: height = 0.05
12.0974 	EXP 	text_disctractors: height = 0.05
12.0974 	EXP 	text_disctractors: text = 'FTVJCQG'
12.0974 	EXP 	text_disctractors: autoDraw = True
12.1647 	EXP 	New trial (rep=6, index=6): OrderedDict([('dist', 'HRQYSGD')])
12.1812 	EXP 	text_disctractors: autoDraw = False
12.1812 	EXP 	text_disctractors: height = 0.05
12.1812 	EXP 	text_disctractors: height = 0.05
12.1812 	EXP 	text_disctractors: height = 0.05
12.1812 	EXP 	text_disctractors: text = 'HRQYSGD'
12.1812 	EXP 	text_disctractors: autoDraw = True
12.2481 	EXP 	New trial (rep=6, index=7): OrderedDict([('dist', 'TPMRWBX')])
12.2648 	EXP 	text_disctractors: autoDraw = False
12.2648 	EXP 	text_disctractors: height = 0.05
12.2648 	EXP 	text_disctractors: height = 0.05
12.2648 	EXP 	text_disctractors: height = 0.05
12.2648 	EXP 	text_disctractors: text = 'TPMRWBX'
12.2648 	EXP 	text_disctractors: autoDraw = True
12.3313 	EXP 	New trial (rep=6, index=8): OrderedDict([('dist', 'TXWSBDY')])
12.3481 	EXP 	text_disctractors: autoDraw = False
12.3481 	EXP 	text_disctractors: height = 0.05
12.3481 	EXP 	text_disctractors: height = 0.05
12.3481 	EXP 	text_disctractors: height = 0.05
12.3481 	EXP 	text_disctractors: text = 'TXWSBDY'
12.3481 	EXP 	text_disctractors: autoDraw = True
12.4150 	EXP 	New trial (rep=6, index=9): OrderedDict([('dist', 'PSKDHLC')])
12.4314 	EXP 	text_disctractors: autoDraw = False
12.4314 	EXP 	text_disctractors: height = 0.05
12.4314 	EXP 	text_disctractors: height = 0.05
12.4314 	EXP 	text_disctractors: height = 0.05
12.4314 	EXP 	text_disctractors: text = 'PSKDHLC'
12.4314 	EXP 	text_disctractors: autoDraw = True
12.4984 	EXP 	New trial (rep=6, index=10): OrderedDict([('dist', 'CVSKHYF')])
12.5151 	EXP 	text_disctractors: autoDraw = False
12.5151 	EXP 	text_disctractors: height = 0.05
12.5151 	EXP 	text_disctractors: height = 0.05
12.5151 	EXP 	text_disctractors: height = 0.05
12.5151 	EXP 	text_disctractors: text = 'CVSKHYF'
12.5151 	EXP 	text_disctractors: autoDraw = True
12.5819 	EXP 	New trial (rep=6, index=11): OrderedDict([('dist', 'BFSHVMY')])
12.5980 	EXP 	text_disctractors: autoDraw = False
12.5980 	EXP 	text_disctractors: height = 0.05
12.5980 	EXP 	text_disctractors: height = 0.05
12.5980 	EXP 	text_disctractors: height = 0.05
12.5980 	EXP 	text_disctractors: text = 'BFSHVMY'
12.5980 	EXP 	text_disctractors: autoDraw = True
12.6655 	EXP 	New trial (rep=6, index=12): OrderedDict([('dist', 'TMZYXVJ')])
12.6814 	EXP 	text_disctractors: autoDraw = False
12.6814 	EXP 	text_disctractors: height = 0.05
12.6814 	EXP 	text_disctractors: height = 0.05
12.6814 	EXP 	text_disctractors: height = 0.05
12.6814 	EXP 	text_disctractors: text = 'TMZYXVJ'
12.6814 	EXP 	text_disctractors: autoDraw = True
12.7487 	EXP 	New trial (rep=6, index=13): OrderedDict([('dist', 'MSGNZDX')])
12.7648 	EXP 	text_disctractors: autoDraw = False
12.7648 	EXP 	text_disctractors: height = 0.05
12.7648 	EXP 	text_disctractors: height = 0.05
12.7648 	EXP 	text_disctractors: height = 0.05
12.7648 	EXP 	text_disctractors: text = 'MSGNZDX'
12.7648 	EXP 	text_disctractors: autoDraw = True
12.8319 	EXP 	New trial (rep=6, index=14): OrderedDict([('dist', 'PNHZFRK')])
12.8485 	EXP 	text_disctractors: autoDraw = False
12.8485 	EXP 	text_disctractors: height = 0.05
12.8485 	EXP 	text_disctractors: height = 0.05
12.8485 	EXP 	text_disctractors: height = 0.05
12.8485 	EXP 	text_disctractors: text = 'PNHZFRK'
12.8485 	EXP 	text_disctractors: autoDraw = True
12.9154 	EXP 	New trial (rep=6, index=15): OrderedDict([('dist', 'ZTWLDMH')])
12.9319 	EXP 	text_disctractors: autoDraw = False
12.9319 	EXP 	text_disctractors: height = 0.05
12.9319 	EXP 	text_disctractors: height = 0.05
12.9319 	EXP 	text_disctractors: height = 0.05
12.9319 	EXP 	text_disctractors: text = 'ZTWLDMH'
12.9319 	EXP 	text_disctractors: autoDraw = True
12.9988 	EXP 	New trial (rep=6, index=16): OrderedDict([('dist', 'FBVMGYZ')])
13.0151 	EXP 	text_disctractors: autoDraw = False
13.0151 	EXP 	text_disctractors: height = 0.05
13.0151 	EXP 	text_disctractors: height = 0.05
13.0151 	EXP 	text_disctractors: height = 0.05
13.0151 	EXP 	text_disctractors: text = 'FBVMGYZ'
13.0151 	EXP 	text_disctractors: autoDraw = True
13.0824 	EXP 	New trial (rep=6, index=17): OrderedDict([('dist', 'SGWZLKR')])
13.0990 	EXP 	text_disctractors: autoDraw = False
13.0990 	EXP 	text_disctractors: height = 0.05
13.0990 	EXP 	text_disctractors: height = 0.05
13.0990 	EXP 	text_disctractors: height = 0.05
13.0990 	EXP 	text_disctractors: text = 'SGWZLKR'
13.0990 	EXP 	text_disctractors: autoDraw = True
13.1655 	EXP 	New trial (rep=6, index=18): OrderedDict([('dist', 'GBDHMJF')])
13.1821 	EXP 	text_disctractors: autoDraw = False
13.1821 	EXP 	text_disctractors: height = 0.05
13.1821 	EXP 	text_disctractors: height = 0.05
13.1821 	EXP 	text_disctractors: height = 0.05
13.1821 	EXP 	text_disctractors: text = 'GBDHMJF'
13.1821 	EXP 	text_disctractors: autoDraw = True
13.2661 	EXP 	text_disctractors: autoDraw = False
13.2661 	EXP 	text_T1: height = 0.05
13.2661 	EXP 	text_T1: height = 0.05
13.2661 	EXP 	text_T1: height = 0.05
13.2661 	EXP 	text_T1: text = 7777777
13.3489 	EXP 	text_T1: autoDraw = True
13.4752 	EXP 	window1: mouseVisible = True
