11.9652 	EXP 	Created window1 = Window(allowGUI=True, allowStencil=False, autoLog=True, backendConf=UNKNOWN, backgroundFit=<method-wrapper '__getattribute__' of attributeSetter object at 0x000002B431564B80>, backgroundImage=<method-wrapper '__getattribute__' of attributeSetter object at 0x000002B431564B20>, bitsMode=UNKNOWN, blendMode='avg', bpc=(8, 8, 8), color=array([0, 0, 0]), colorSpace='rgb', depthBits=8, fullscr=<method-wrapper '__getattribute__' of attributeSetter object at 0x000002B431564940>, gamma=None, gammaErrorPolicy='raise', lms=UNKNOWN, monitor=<psychopy.monitors.calibTools.Monitor object at 0x000002B43713BB20>, multiSample=False, name='window1', numSamples=2, pos=(760, 390), screen=0, size=array([400, 300]), stencilBits=0, stereo=False, title='PsychoPy', units='height', useFBO=True, useRetina=False, viewOri=0.0, viewPos=None, viewScale=None, waitBlanking=True, winType='pyglet')
11.9652 	EXP 	window1: mouseVisible = True
11.9653 	EXP 	window1: backgroundImage = ''
11.9653 	EXP 	window1: backgroundFit = 'none'
11.9668 	EXP 	window1: Attempting to measure frame rate of screen (0) ...
11.9669 	EXP 	window1: recordFrameIntervals = False
12.1308 	EXP 	window1: recordFrameIntervals = True
12.3626 	WARNING 	t of last frame was 63.71ms (=1/15)
12.5481 	EXP 	Screen (0) actual frame rate measured at 60.37Hz
12.5481 	EXP 	window1: recordFrameIntervals = False
12.5482 	EXP 	window1: mouseVisible = True
12.6081 	WARNING 	launchHubServer: If using the iohub mouse or eyetracker devices, fullScr should be True.
17.7940 	EXP 	AB: status = STARTED
17.7943 	EXP 	window1: mouseVisible = True
17.9128 	EXP 	Created text_insctructions = TextStim(__class__=<class 'psychopy.visual.text.TextStim'>, alignHoriz=method-wrapper(...), alignText='center', alignVert=method-wrapper(...), anchorHoriz='center', anchorVert='center', antialias=True, autoDraw=False, autoLog=True, bold=False, color=array([1., 1., 1.]), colorSpace='rgb', contrast=1.0, depth=0.0, draggable=False, flipHoriz=False, flipVert=False, font='Open Sans', fontFiles=[], height=0.02, italic=False, languageStyle='LTR', name='text_insctructions', opacity=1.0, ori=0.0, pos=array([0., 0.]), rgb=UNKNOWN, text=str(...), units='height', win=Window(...), wrapWidth=1)
17.9129 	EXP 	window1: mouseVisible = True
17.9141 	EXP 	Created context_word = TextStim(__class__=<class 'psychopy.visual.text.TextStim'>, alignHoriz=method-wrapper(...), alignText='center', alignVert=method-wrapper(...), anchorHoriz='center', anchorVert='center', antialias=True, autoDraw=False, autoLog=True, bold=False, color=array([-1., -1.,  1.]), colorSpace='rgb', contrast=1.0, depth=0.0, draggable=False, flipHoriz=False, flipVert=False, font='Open Sans', fontFiles=[], height=0.05, italic=False, languageStyle='LTR', name='context_word', opacity=1.0, ori=0.0, pos=array([0., 0.]), rgb=UNKNOWN, text='', units='height', win=Window(...), wrapWidth=1)
17.9142 	EXP 	window1: mouseVisible = True
17.9154 	EXP 	Created blankContext = TextStim(__class__=<class 'psychopy.visual.text.TextStim'>, alignHoriz=method-wrapper(...), alignText='center', alignVert=method-wrapper(...), anchorHoriz='center', anchorVert='center', antialias=True, autoDraw=False, autoLog=True, bold=False, color=array([1., 1., 1.]), colorSpace='rgb', contrast=1.0, depth=-1.0, draggable=False, flipHoriz=False, flipVert=False, font='Open Sans', fontFiles=[], height=0.05, italic=False, languageStyle='LTR', name='blankContext', opacity=1.0, ori=0.0, pos=array([0., 0.]), rgb=UNKNOWN, text='', units='height', win=Window(...), wrapWidth=1)
17.9156 	EXP 	window1: mouseVisible = True
17.9162 	EXP 	Created text_disctractors = TextStim(__class__=<class 'psychopy.visual.text.TextStim'>, alignHoriz=method-wrapper(...), alignText='center', alignVert=method-wrapper(...), anchorHoriz='center', anchorVert='center', antialias=True, autoDraw=False, autoLog=True, bold=False, color=array([-1., -1.,  1.]), colorSpace='rgb', contrast=1.0, depth=0.0, draggable=False, flipHoriz=False, flipVert=False, font='Open Sans', fontFiles=[], height=0.05, italic=False, languageStyle='LTR', name='text_disctractors', opacity=1.0, ori=0.0, pos=array([0., 0.]), rgb=UNKNOWN, text='', units='height', win=Window(...), wrapWidth=1)
17.9163 	EXP 	window1: mouseVisible = True
17.9168 	EXP 	Created text_T1 = TextStim(__class__=<class 'psychopy.visual.text.TextStim'>, alignHoriz=method-wrapper(...), alignText='center', alignVert=method-wrapper(...), anchorHoriz='center', anchorVert='center', antialias=True, autoDraw=False, autoLog=True, bold=False, color=array([-1., -1.,  1.]), colorSpace='rgb', contrast=1.0, depth=0.0, draggable=False, flipHoriz=False, flipVert=False, font='Open Sans', fontFiles=[], height=0.05, italic=False, languageStyle='LTR', name='text_T1', opacity=1.0, ori=0.0, pos=array([0., 0.]), rgb=UNKNOWN, text='', units='height', win=Window(...), wrapWidth=1)
17.9169 	EXP 	window1: mouseVisible = True
17.9174 	EXP 	Created text_disctractors = TextStim(__class__=<class 'psychopy.visual.text.TextStim'>, alignHoriz=method-wrapper(...), alignText='center', alignVert=method-wrapper(...), anchorHoriz='center', anchorVert='center', antialias=True, autoDraw=False, autoLog=True, bold=False, color=array([-1., -1.,  1.]), colorSpace='rgb', contrast=1.0, depth=0.0, draggable=False, flipHoriz=False, flipVert=False, font='Open Sans', fontFiles=[], height=0.05, italic=False, languageStyle='LTR', name='text_disctractors', opacity=1.0, ori=0.0, pos=array([0., 0.]), rgb=UNKNOWN, text='', units='height', win=Window(...), wrapWidth=1)
17.9175 	EXP 	window1: mouseVisible = True
17.9180 	EXP 	Created text_T2 = TextStim(__class__=<class 'psychopy.visual.text.TextStim'>, alignHoriz=method-wrapper(...), alignText='center', alignVert=method-wrapper(...), anchorHoriz='center', anchorVert='center', antialias=True, autoDraw=False, autoLog=True, bold=False, color=array([ 1., -1., -1.]), colorSpace='rgb', contrast=1.0, depth=0.0, draggable=False, flipHoriz=False, flipVert=False, font='Open Sans', fontFiles=[], height=0.05, italic=False, languageStyle='LTR', name='text_T2', opacity=1.0, ori=0.0, pos=array([0., 0.]), rgb=UNKNOWN, text='', units='height', win=Window(...), wrapWidth=1)
17.9181 	EXP 	window1: mouseVisible = True
17.9186 	EXP 	Created text_disctractors = TextStim(__class__=<class 'psychopy.visual.text.TextStim'>, alignHoriz=method-wrapper(...), alignText='center', alignVert=method-wrapper(...), anchorHoriz='center', anchorVert='center', antialias=True, autoDraw=False, autoLog=True, bold=False, color=array([-1., -1.,  1.]), colorSpace='rgb', contrast=1.0, depth=0.0, draggable=False, flipHoriz=False, flipVert=False, font='Open Sans', fontFiles=[], height=0.05, italic=False, languageStyle='LTR', name='text_disctractors', opacity=1.0, ori=0.0, pos=array([0., 0.]), rgb=UNKNOWN, text='', units='height', win=Window(...), wrapWidth=1)
17.9187 	EXP 	window1: mouseVisible = True
17.9199 	EXP 	Created blankT1_1 = TextStim(__class__=<class 'psychopy.visual.text.TextStim'>, alignHoriz=method-wrapper(...), alignText='center', alignVert=method-wrapper(...), anchorHoriz='center', anchorVert='center', antialias=True, autoDraw=False, autoLog=True, bold=False, color=array([1., 1., 1.]), colorSpace='rgb', contrast=1.0, depth=0.0, draggable=False, flipHoriz=False, flipVert=False, font='Open Sans', fontFiles=[], height=0.05, italic=False, languageStyle='LTR', name='blankT1_1', opacity=1.0, ori=0.0, pos=array([0., 0.]), rgb=UNKNOWN, text='', units='height', win=Window(...), wrapWidth=1)
17.9200 	EXP 	window1: mouseVisible = True
17.9284 	EXP 	Created text_T1ask = TextStim(__class__=<class 'psychopy.visual.text.TextStim'>, alignHoriz=method-wrapper(...), alignText='center', alignVert=method-wrapper(...), anchorHoriz='center', anchorVert='center', antialias=True, autoDraw=False, autoLog=True, bold=False, color=array([-1., -1.,  1.]), colorSpace='rgb', contrast=1.0, depth=-1.0, draggable=False, flipHoriz=False, flipVert=False, font='Open Sans', fontFiles=[], height=0.05, italic=False, languageStyle='LTR', name='text_T1ask', opacity=1.0, ori=0.0, pos=array([0., 0.]), rgb=UNKNOWN, text='?\n\nOdd-F    Even-J', units='height', win=Window(...), wrapWidth=1)
17.9285 	EXP 	window1: mouseVisible = True
17.9297 	EXP 	Created blankT1_2 = TextStim(__class__=<class 'psychopy.visual.text.TextStim'>, alignHoriz=method-wrapper(...), alignText='center', alignVert=method-wrapper(...), anchorHoriz='center', anchorVert='center', antialias=True, autoDraw=False, autoLog=True, bold=False, color=array([1., 1., 1.]), colorSpace='rgb', contrast=1.0, depth=-2.0, draggable=False, flipHoriz=False, flipVert=False, font='Open Sans', fontFiles=[], height=0.05, italic=False, languageStyle='LTR', name='blankT1_2', opacity=1.0, ori=0.0, pos=array([0., 0.]), rgb=UNKNOWN, text='', units='height', win=Window(...), wrapWidth=1)
17.9298 	EXP 	window1: mouseVisible = True
17.9308 	EXP 	Created blankT2_1 = TextStim(__class__=<class 'psychopy.visual.text.TextStim'>, alignHoriz=method-wrapper(...), alignText='center', alignVert=method-wrapper(...), anchorHoriz='center', anchorVert='center', antialias=True, autoDraw=False, autoLog=True, bold=False, color=array([1., 1., 1.]), colorSpace='rgb', contrast=1.0, depth=0.0, draggable=False, flipHoriz=False, flipVert=False, font='Open Sans', fontFiles=[], height=0.05, italic=False, languageStyle='LTR', name='blankT2_1', opacity=1.0, ori=0.0, pos=array([0., 0.]), rgb=UNKNOWN, text='', units='height', win=Window(...), wrapWidth=1)
17.9309 	EXP 	window1: mouseVisible = True
17.9364 	EXP 	Created text_T2ask = TextStim(__class__=<class 'psychopy.visual.text.TextStim'>, alignHoriz=method-wrapper(...), alignText='center', alignVert=method-wrapper(...), anchorHoriz='center', anchorVert='center', antialias=True, autoDraw=False, autoLog=True, bold=False, color=array([-1., -1.,  1.]), colorSpace='rgb', contrast=1.0, depth=-1.0, draggable=False, flipHoriz=False, flipVert=False, font='Open Sans', fontFiles=[], height=0.05, italic=False, languageStyle='LTR', name='text_T2ask', opacity=1.0, ori=0.0, pos=array([0., 0.]), rgb=UNKNOWN, text='?\n\nRelated-F    Unrelated-J', units='height', win=Window(...), wrapWidth=1)
17.9366 	EXP 	window1: mouseVisible = True
17.9377 	EXP 	Created blankT2_2 = TextStim(__class__=<class 'psychopy.visual.text.TextStim'>, alignHoriz=method-wrapper(...), alignText='center', alignVert=method-wrapper(...), anchorHoriz='center', anchorVert='center', antialias=True, autoDraw=False, autoLog=True, bold=False, color=array([1., 1., 1.]), colorSpace='rgb', contrast=1.0, depth=-2.0, draggable=False, flipHoriz=False, flipVert=False, font='Open Sans', fontFiles=[], height=0.05, italic=False, languageStyle='LTR', name='blankT2_2', opacity=1.0, ori=0.0, pos=array([0., 0.]), rgb=UNKNOWN, text='', units='height', win=Window(...), wrapWidth=1)
0.0317 	EXP 	text_insctructions: autoDraw = True
0.2202 	EXP 	Imported LuckList.csv as conditions, 9 conditions, 8 params
0.2205 	EXP 	Created sequence: random, trialTypes=9, nReps=1, seed=None
0.2207 	EXP 	New trial (rep=0, index=0): OrderedDict([('T0', 'XXCATXX'), ('T2', 'XKITTEN'), ('T1', 9999999), ('lagT1', 10), ('lagT2', 1), ('lagEnd', 9), ('responseT1', 'j'), ('responseT2', 'f')])
0.2323 	EXP 	text_insctructions: autoDraw = False
0.2323 	EXP 	context_word: height = 0.05
0.2323 	EXP 	context_word: height = 0.05
0.2323 	EXP 	context_word: height = 0.05
0.2323 	EXP 	context_word: text = 'XXCATXX'
0.2323 	EXP 	context_word: autoDraw = True
1.1998 	EXP 	blankContext: autoDraw = True
1.2330 	EXP 	context_word: autoDraw = False
2.1875 	EXP 	Imported distractors.csv as conditions, 19 conditions, 1 params
2.1878 	EXP 	Created sequence: random, trialTypes=19, nReps=1, seed=None
2.1879 	EXP 	New trial (rep=0, index=0): OrderedDict([('dist', 'SGWZLKR')])
2.2012 	EXP 	blankContext: autoDraw = False
2.2012 	EXP 	context_word: autoDraw = False
2.2012 	EXP 	blankContext: autoDraw = False
2.2012 	EXP 	text_disctractors: height = 0.05
2.2012 	EXP 	text_disctractors: height = 0.05
2.2012 	EXP 	text_disctractors: height = 0.05
2.2012 	EXP 	text_disctractors: text = 'SGWZLKR'
2.2012 	EXP 	text_disctractors: autoDraw = True
2.2680 	EXP 	New trial (rep=0, index=1): OrderedDict([('dist', 'GBDHMJF')])
2.2840 	EXP 	text_disctractors: autoDraw = False
2.2840 	EXP 	text_disctractors: autoDraw = False
2.2840 	EXP 	text_disctractors: height = 0.05
2.2840 	EXP 	text_disctractors: height = 0.05
2.2840 	EXP 	text_disctractors: height = 0.05
2.2840 	EXP 	text_disctractors: text = 'GBDHMJF'
2.2840 	EXP 	text_disctractors: autoDraw = True
2.3515 	EXP 	New trial (rep=0, index=2): OrderedDict([('dist', 'BFSHVMY')])
2.3680 	EXP 	text_disctractors: autoDraw = False
2.3680 	EXP 	text_disctractors: autoDraw = False
2.3680 	EXP 	text_disctractors: height = 0.05
2.3680 	EXP 	text_disctractors: height = 0.05
2.3680 	EXP 	text_disctractors: height = 0.05
2.3680 	EXP 	text_disctractors: text = 'BFSHVMY'
2.3680 	EXP 	text_disctractors: autoDraw = True
2.4349 	EXP 	New trial (rep=0, index=3): OrderedDict([('dist', 'PNHZFRK')])
2.4509 	EXP 	text_disctractors: autoDraw = False
2.4509 	EXP 	text_disctractors: autoDraw = False
2.4509 	EXP 	text_disctractors: height = 0.05
2.4509 	EXP 	text_disctractors: height = 0.05
2.4509 	EXP 	text_disctractors: height = 0.05
2.4509 	EXP 	text_disctractors: text = 'PNHZFRK'
2.4509 	EXP 	text_disctractors: autoDraw = True
2.5187 	EXP 	New trial (rep=0, index=4): OrderedDict([('dist', 'TPMRWBX')])
2.5341 	EXP 	text_disctractors: autoDraw = False
2.5341 	EXP 	text_disctractors: autoDraw = False
2.5341 	EXP 	text_disctractors: height = 0.05
2.5341 	EXP 	text_disctractors: height = 0.05
2.5341 	EXP 	text_disctractors: height = 0.05
2.5341 	EXP 	text_disctractors: text = 'TPMRWBX'
2.5341 	EXP 	text_disctractors: autoDraw = True
2.6017 	EXP 	New trial (rep=0, index=5): OrderedDict([('dist', 'PSKDHLC')])
2.6177 	EXP 	text_disctractors: autoDraw = False
2.6177 	EXP 	text_disctractors: autoDraw = False
2.6177 	EXP 	text_disctractors: height = 0.05
2.6177 	EXP 	text_disctractors: height = 0.05
2.6177 	EXP 	text_disctractors: height = 0.05
2.6177 	EXP 	text_disctractors: text = 'PSKDHLC'
2.6177 	EXP 	text_disctractors: autoDraw = True
2.6851 	EXP 	New trial (rep=0, index=6): OrderedDict([('dist', 'TXWSBDY')])
2.7013 	EXP 	text_disctractors: autoDraw = False
2.7013 	EXP 	text_disctractors: autoDraw = False
2.7013 	EXP 	text_disctractors: height = 0.05
2.7013 	EXP 	text_disctractors: height = 0.05
2.7013 	EXP 	text_disctractors: height = 0.05
2.7013 	EXP 	text_disctractors: text = 'TXWSBDY'
2.7013 	EXP 	text_disctractors: autoDraw = True
2.7686 	EXP 	New trial (rep=0, index=7): OrderedDict([('dist', 'TMZYXVJ')])
2.7853 	EXP 	text_disctractors: autoDraw = False
2.7853 	EXP 	text_disctractors: autoDraw = False
2.7853 	EXP 	text_disctractors: height = 0.05
2.7853 	EXP 	text_disctractors: height = 0.05
2.7853 	EXP 	text_disctractors: height = 0.05
2.7853 	EXP 	text_disctractors: text = 'TMZYXVJ'
2.7853 	EXP 	text_disctractors: autoDraw = True
2.8518 	EXP 	New trial (rep=0, index=8): OrderedDict([('dist', 'FTVJCQG')])
2.8681 	EXP 	text_disctractors: autoDraw = False
2.8681 	EXP 	text_disctractors: autoDraw = False
2.8681 	EXP 	text_disctractors: height = 0.05
2.8681 	EXP 	text_disctractors: height = 0.05
2.8681 	EXP 	text_disctractors: height = 0.05
2.8681 	EXP 	text_disctractors: text = 'FTVJCQG'
2.8681 	EXP 	text_disctractors: autoDraw = True
2.9356 	EXP 	New trial (rep=0, index=9): OrderedDict([('dist', 'ZTWLDMH')])
2.9513 	EXP 	text_disctractors: autoDraw = False
2.9513 	EXP 	text_disctractors: autoDraw = False
2.9513 	EXP 	text_disctractors: height = 0.05
2.9513 	EXP 	text_disctractors: height = 0.05
2.9513 	EXP 	text_disctractors: height = 0.05
2.9513 	EXP 	text_disctractors: text = 'ZTWLDMH'
2.9513 	EXP 	text_disctractors: autoDraw = True
3.0192 	EXP 	New trial (rep=0, index=10): OrderedDict([('dist', 'VYXBTSN')])
3.0351 	EXP 	text_disctractors: autoDraw = False
3.0351 	EXP 	text_disctractors: autoDraw = False
3.0351 	EXP 	text_disctractors: height = 0.05
3.0351 	EXP 	text_disctractors: height = 0.05
3.0351 	EXP 	text_disctractors: height = 0.05
3.0351 	EXP 	text_disctractors: text = 'VYXBTSN'
3.0351 	EXP 	text_disctractors: autoDraw = True
3.1021 	EXP 	New trial (rep=0, index=11): OrderedDict([('dist', 'DYGPMWR')])
3.1182 	EXP 	text_disctractors: autoDraw = False
3.1182 	EXP 	text_disctractors: autoDraw = False
3.1182 	EXP 	text_disctractors: height = 0.05
3.1182 	EXP 	text_disctractors: height = 0.05
3.1182 	EXP 	text_disctractors: height = 0.05
3.1182 	EXP 	text_disctractors: text = 'DYGPMWR'
3.1182 	EXP 	text_disctractors: autoDraw = True
3.1860 	EXP 	New trial (rep=0, index=12): OrderedDict([('dist', 'RMTKWFQ')])
3.2018 	EXP 	text_disctractors: autoDraw = False
3.2018 	EXP 	text_disctractors: autoDraw = False
3.2018 	EXP 	text_disctractors: height = 0.05
3.2018 	EXP 	text_disctractors: height = 0.05
3.2018 	EXP 	text_disctractors: height = 0.05
3.2018 	EXP 	text_disctractors: text = 'RMTKWFQ'
3.2018 	EXP 	text_disctractors: autoDraw = True
3.2692 	EXP 	New trial (rep=0, index=13): OrderedDict([('dist', 'CVSKHYF')])
3.2851 	EXP 	text_disctractors: autoDraw = False
3.2851 	EXP 	text_disctractors: autoDraw = False
3.2851 	EXP 	text_disctractors: height = 0.05
3.2851 	EXP 	text_disctractors: height = 0.05
3.2851 	EXP 	text_disctractors: height = 0.05
3.2851 	EXP 	text_disctractors: text = 'CVSKHYF'
3.2851 	EXP 	text_disctractors: autoDraw = True
3.3526 	EXP 	New trial (rep=0, index=14): OrderedDict([('dist', 'MSGNZDX')])
3.3686 	EXP 	text_disctractors: autoDraw = False
3.3686 	EXP 	text_disctractors: autoDraw = False
3.3686 	EXP 	text_disctractors: height = 0.05
3.3686 	EXP 	text_disctractors: height = 0.05
3.3686 	EXP 	text_disctractors: height = 0.05
3.3686 	EXP 	text_disctractors: text = 'MSGNZDX'
3.3686 	EXP 	text_disctractors: autoDraw = True
3.4359 	EXP 	New trial (rep=0, index=15): OrderedDict([('dist', 'TBCNLFY')])
3.4520 	EXP 	text_disctractors: autoDraw = False
3.4520 	EXP 	text_disctractors: autoDraw = False
3.4520 	EXP 	text_disctractors: height = 0.05
3.4520 	EXP 	text_disctractors: height = 0.05
3.4520 	EXP 	text_disctractors: height = 0.05
3.4520 	EXP 	text_disctractors: text = 'TBCNLFY'
3.4520 	EXP 	text_disctractors: autoDraw = True
3.5196 	EXP 	New trial (rep=0, index=16): OrderedDict([('dist', 'HRQYSGD')])
3.5352 	EXP 	text_disctractors: autoDraw = False
3.5352 	EXP 	text_disctractors: autoDraw = False
3.5352 	EXP 	text_disctractors: height = 0.05
3.5352 	EXP 	text_disctractors: height = 0.05
3.5352 	EXP 	text_disctractors: height = 0.05
3.5352 	EXP 	text_disctractors: text = 'HRQYSGD'
3.5352 	EXP 	text_disctractors: autoDraw = True
3.6030 	EXP 	New trial (rep=0, index=17): OrderedDict([('dist', 'KMJCWBH')])
3.6185 	EXP 	text_disctractors: autoDraw = False
3.6185 	EXP 	text_disctractors: autoDraw = False
3.6185 	EXP 	text_disctractors: height = 0.05
3.6185 	EXP 	text_disctractors: height = 0.05
3.6185 	EXP 	text_disctractors: height = 0.05
3.6185 	EXP 	text_disctractors: text = 'KMJCWBH'
3.6185 	EXP 	text_disctractors: autoDraw = True
3.6862 	EXP 	New trial (rep=0, index=18): OrderedDict([('dist', 'FBVMGYZ')])
3.7022 	EXP 	text_disctractors: autoDraw = False
3.7022 	EXP 	text_disctractors: autoDraw = False
3.7022 	EXP 	text_disctractors: height = 0.05
3.7022 	EXP 	text_disctractors: height = 0.05
3.7022 	EXP 	text_disctractors: height = 0.05
3.7022 	EXP 	text_disctractors: text = 'FBVMGYZ'
3.7022 	EXP 	text_disctractors: autoDraw = True
3.7858 	EXP 	text_disctractors: autoDraw = False
3.7858 	EXP 	text_disctractors: autoDraw = False
3.7858 	EXP 	text_T1: height = 0.05
3.7858 	EXP 	text_T1: height = 0.05
3.7858 	EXP 	text_T1: height = 0.05
3.7858 	EXP 	text_T1: text = 9999999
3.8856 	EXP 	text_T1: autoDraw = True
3.9568 	EXP 	Imported LuckList.csv as conditions, 9 conditions, 8 params
3.9570 	EXP 	Created sequence: random, trialTypes=9, nReps=1, seed=None
3.9572 	EXP 	New trial (rep=0, index=0): OrderedDict([('T0', 'XHANDSX'), ('T2', 'XXFEETX'), ('T1', 7777777), ('lagT1', 7), ('lagT2', 1), ('lagEnd', 12), ('responseT1', 'j'), ('responseT2', 'f')])
3.9690 	EXP 	text_T1: autoDraw = False
3.9690 	EXP 	text_T1: autoDraw = False
3.9690 	EXP 	text_disctractors: text = 'FBVMGYZ'
3.9690 	EXP 	text_disctractors: autoDraw = True
4.0366 	EXP 	New trial (rep=0, index=1): OrderedDict([('T0', 'XSTOREX'), ('T2', 'XXSHOPX'), ('T1', 1111111), ('lagT1', 9), ('lagT2', 3), ('lagEnd', 8), ('responseT1', 'j'), ('responseT2', 'f')])
4.0525 	EXP 	text_disctractors: autoDraw = False
4.0525 	EXP 	text_disctractors: autoDraw = False
4.0525 	EXP 	text_disctractors: text = 'FBVMGYZ'
4.0525 	EXP 	text_disctractors: autoDraw = True
4.1198 	EXP 	New trial (rep=0, index=2): OrderedDict([('T0', 'XXCATXX'), ('T2', 'XKITTEN'), ('T1', 9999999), ('lagT1', 10), ('lagT2', 1), ('lagEnd', 9), ('responseT1', 'j'), ('responseT2', 'f')])
4.1360 	EXP 	text_disctractors: autoDraw = False
4.1360 	EXP 	text_disctractors: autoDraw = False
4.1360 	EXP 	text_disctractors: text = 'FBVMGYZ'
4.1360 	EXP 	text_disctractors: autoDraw = True
4.2035 	EXP 	New trial (rep=0, index=3): OrderedDict([('T0', 'XSTRAWX'), ('T2', 'XXHAYXX'), ('T1', 4444444), ('lagT1', 7), ('lagT2', 1), ('lagEnd', 12), ('responseT1', 'f'), ('responseT2', 'f')])
4.2200 	EXP 	text_disctractors: autoDraw = False
4.2200 	EXP 	text_disctractors: autoDraw = False
4.2200 	EXP 	text_disctractors: text = 'FBVMGYZ'
4.2200 	EXP 	text_disctractors: autoDraw = True
4.2871 	EXP 	New trial (rep=0, index=4): OrderedDict([('T0', 'PROMISE'), ('T2', 'XPLEDGE'), ('T1', 2222222), ('lagT1', 7), ('lagT2', 1), ('lagEnd', 12), ('responseT1', 'f'), ('responseT2', 'f')])
4.3032 	EXP 	text_disctractors: autoDraw = False
4.3032 	EXP 	text_disctractors: autoDraw = False
4.3032 	EXP 	text_disctractors: text = 'FBVMGYZ'
4.3032 	EXP 	text_disctractors: autoDraw = True
4.3703 	EXP 	New trial (rep=0, index=5): OrderedDict([('T0', 'XXBAGXX'), ('T2', 'XXSACKX'), ('T1', 3333333), ('lagT1', 9), ('lagT2', 3), ('lagEnd', 8), ('responseT1', 'j'), ('responseT2', 'f')])
4.3861 	EXP 	text_disctractors: autoDraw = False
4.3861 	EXP 	text_disctractors: autoDraw = False
4.3861 	EXP 	text_disctractors: text = 'FBVMGYZ'
4.3861 	EXP 	text_disctractors: autoDraw = True
4.4536 	EXP 	New trial (rep=0, index=6): OrderedDict([('T0', 'XPONDER'), ('T2', 'XTHINKX'), ('T1', 5555555), ('lagT1', 9), ('lagT2', 7), ('lagEnd', 4), ('responseT1', 'j'), ('responseT2', 'f')])
4.4699 	EXP 	text_disctractors: autoDraw = False
4.4699 	EXP 	text_disctractors: autoDraw = False
4.4699 	EXP 	text_disctractors: text = 'FBVMGYZ'
4.4699 	EXP 	text_disctractors: autoDraw = True
4.5370 	EXP 	New trial (rep=0, index=7): OrderedDict([('T0', 'XWEEDSX'), ('T2', 'XROOTSX'), ('T1', 7777777), ('lagT1', 8), ('lagT2', 3), ('lagEnd', 9), ('responseT1', 'j'), ('responseT2', 'f')])
4.5529 	EXP 	text_disctractors: autoDraw = False
4.5529 	EXP 	text_disctractors: autoDraw = False
4.5529 	EXP 	text_disctractors: text = 'FBVMGYZ'
4.5529 	EXP 	text_disctractors: autoDraw = True
4.6203 	EXP 	New trial (rep=0, index=8): OrderedDict([('T0', 'CURTAIN'), ('T2', 'XDRAPEX'), ('T1', 8888888), ('lagT1', 9), ('lagT2', 7), ('lagEnd', 4), ('responseT1', 'f'), ('responseT2', 'f')])
4.6369 	EXP 	text_disctractors: autoDraw = False
4.6369 	EXP 	text_disctractors: autoDraw = False
4.6369 	EXP 	text_disctractors: text = 'FBVMGYZ'
4.6369 	EXP 	text_disctractors: autoDraw = True
4.7199 	EXP 	text_disctractors: autoDraw = False
4.7199 	EXP 	text_disctractors: autoDraw = False
4.7199 	EXP 	text_T2: height = 0.05
4.7199 	EXP 	text_T2: height = 0.05
4.7199 	EXP 	text_T2: height = 0.05
4.7199 	EXP 	text_T2: text = 'XDRAPEX'
4.8033 	EXP 	text_T2: autoDraw = True
4.8745 	EXP 	Imported LuckList.csv as conditions, 9 conditions, 8 params
4.8748 	EXP 	Created sequence: random, trialTypes=9, nReps=1, seed=None
4.8750 	EXP 	New trial (rep=0, index=0): OrderedDict([('T0', 'XSTOREX'), ('T2', 'XXSHOPX'), ('T1', 1111111), ('lagT1', 9), ('lagT2', 3), ('lagEnd', 8), ('responseT1', 'j'), ('responseT2', 'f')])
4.8865 	EXP 	text_T2: autoDraw = False
4.8865 	EXP 	text_T2: autoDraw = False
4.8865 	EXP 	text_disctractors: text = 'FBVMGYZ'
4.8865 	EXP 	text_disctractors: autoDraw = True
4.9539 	EXP 	New trial (rep=0, index=1): OrderedDict([('T0', 'XWEEDSX'), ('T2', 'XROOTSX'), ('T1', 7777777), ('lagT1', 8), ('lagT2', 3), ('lagEnd', 9), ('responseT1', 'j'), ('responseT2', 'f')])
4.9699 	EXP 	text_disctractors: autoDraw = False
4.9699 	EXP 	text_disctractors: autoDraw = False
4.9699 	EXP 	text_disctractors: text = 'FBVMGYZ'
4.9699 	EXP 	text_disctractors: autoDraw = True
5.0377 	EXP 	New trial (rep=0, index=2): OrderedDict([('T0', 'CURTAIN'), ('T2', 'XDRAPEX'), ('T1', 8888888), ('lagT1', 9), ('lagT2', 7), ('lagEnd', 4), ('responseT1', 'f'), ('responseT2', 'f')])
5.0534 	EXP 	text_disctractors: autoDraw = False
5.0534 	EXP 	text_disctractors: autoDraw = False
5.0534 	EXP 	text_disctractors: text = 'FBVMGYZ'
5.0534 	EXP 	text_disctractors: autoDraw = True
5.1209 	EXP 	New trial (rep=0, index=3): OrderedDict([('T0', 'XSTRAWX'), ('T2', 'XXHAYXX'), ('T1', 4444444), ('lagT1', 7), ('lagT2', 1), ('lagEnd', 12), ('responseT1', 'f'), ('responseT2', 'f')])
5.1367 	EXP 	text_disctractors: autoDraw = False
5.1367 	EXP 	text_disctractors: autoDraw = False
5.1367 	EXP 	text_disctractors: text = 'FBVMGYZ'
5.1367 	EXP 	text_disctractors: autoDraw = True
5.2041 	EXP 	New trial (rep=0, index=4): OrderedDict([('T0', 'PROMISE'), ('T2', 'XPLEDGE'), ('T1', 2222222), ('lagT1', 7), ('lagT2', 1), ('lagEnd', 12), ('responseT1', 'f'), ('responseT2', 'f')])
5.2204 	EXP 	text_disctractors: autoDraw = False
5.2204 	EXP 	text_disctractors: autoDraw = False
5.2204 	EXP 	text_disctractors: text = 'FBVMGYZ'
5.2204 	EXP 	text_disctractors: autoDraw = True
5.2879 	EXP 	New trial (rep=0, index=5): OrderedDict([('T0', 'XXCATXX'), ('T2', 'XKITTEN'), ('T1', 9999999), ('lagT1', 10), ('lagT2', 1), ('lagEnd', 9), ('responseT1', 'j'), ('responseT2', 'f')])
5.3039 	EXP 	text_disctractors: autoDraw = False
5.3039 	EXP 	text_disctractors: autoDraw = False
5.3039 	EXP 	text_disctractors: text = 'FBVMGYZ'
5.3039 	EXP 	text_disctractors: autoDraw = True
5.3715 	EXP 	New trial (rep=0, index=6): OrderedDict([('T0', 'XXBAGXX'), ('T2', 'XXSACKX'), ('T1', 3333333), ('lagT1', 9), ('lagT2', 3), ('lagEnd', 8), ('responseT1', 'j'), ('responseT2', 'f')])
5.3870 	EXP 	text_disctractors: autoDraw = False
5.3870 	EXP 	text_disctractors: autoDraw = False
5.3870 	EXP 	text_disctractors: text = 'FBVMGYZ'
5.3870 	EXP 	text_disctractors: autoDraw = True
5.4545 	EXP 	New trial (rep=0, index=7): OrderedDict([('T0', 'XHANDSX'), ('T2', 'XXFEETX'), ('T1', 7777777), ('lagT1', 7), ('lagT2', 1), ('lagEnd', 12), ('responseT1', 'j'), ('responseT2', 'f')])
5.4706 	EXP 	text_disctractors: autoDraw = False
5.4706 	EXP 	text_disctractors: autoDraw = False
5.4706 	EXP 	text_disctractors: text = 'FBVMGYZ'
5.4706 	EXP 	text_disctractors: autoDraw = True
5.5377 	EXP 	New trial (rep=0, index=8): OrderedDict([('T0', 'XPONDER'), ('T2', 'XTHINKX'), ('T1', 5555555), ('lagT1', 9), ('lagT2', 7), ('lagEnd', 4), ('responseT1', 'j'), ('responseT2', 'f')])
5.5542 	EXP 	text_disctractors: autoDraw = False
5.5542 	EXP 	text_disctractors: text = 'FBVMGYZ'
5.5542 	EXP 	text_disctractors: autoDraw = True
5.6375 	EXP 	text_disctractors: autoDraw = False
5.6375 	EXP 	blankT1_1: autoDraw = True
6.6219 	EXP 	text_T1ask: autoDraw = True
6.6386 	EXP 	blankT1_1: autoDraw = False
8.5091 	DATA 	Mouse: Left button down, pos=(147,230)
8.6238 	EXP 	text_T1ask: autoDraw = False
8.6238 	EXP 	blankT1_2: autoDraw = True
8.6755 	DATA 	Mouse:  Left button up, pos=(147,230)
9.6249 	EXP 	blankT1_2: autoDraw = False
9.6249 	EXP 	blankT1_1: autoDraw = False
9.6249 	EXP 	text_T1ask: autoDraw = False
9.6249 	EXP 	blankT1_2: autoDraw = False
9.6249 	EXP 	blankT2_1: autoDraw = True
10.6259 	EXP 	blankT2_1: autoDraw = False
10.6259 	EXP 	text_T2ask: autoDraw = True
11.3444 	DATA 	Mouse: Left button down, pos=(147,230)
11.5115 	DATA 	Mouse:  Left button up, pos=(148,230)
12.6284 	EXP 	text_T2ask: autoDraw = False
12.6284 	EXP 	blankT2_2: autoDraw = True
13.6133 	EXP 	New trial (rep=0, index=1): OrderedDict([('T0', 'XPONDER'), ('T2', 'XTHINKX'), ('T1', 5555555), ('lagT1', 9), ('lagT2', 7), ('lagEnd', 4), ('responseT1', 'j'), ('responseT2', 'f')])
13.6292 	EXP 	blankT2_2: autoDraw = False
13.6292 	EXP 	blankT2_1: autoDraw = False
13.6292 	EXP 	text_T2ask: autoDraw = False
13.6292 	EXP 	blankT2_2: autoDraw = False
13.6292 	EXP 	context_word: height = 0.05
13.6292 	EXP 	context_word: height = 0.05
13.6292 	EXP 	context_word: height = 0.05
13.6292 	EXP 	context_word: text = 'XPONDER'
13.6292 	EXP 	context_word: autoDraw = True
14.6298 	EXP 	context_word: autoDraw = False
14.6298 	EXP 	blankContext: autoDraw = True
15.6188 	EXP 	Imported distractors.csv as conditions, 19 conditions, 1 params
15.6191 	EXP 	Created sequence: random, trialTypes=19, nReps=1, seed=None
15.6192 	EXP 	New trial (rep=0, index=0): OrderedDict([('dist', 'VYXBTSN')])
15.6311 	EXP 	blankContext: autoDraw = False
15.6311 	EXP 	context_word: autoDraw = False
15.6311 	EXP 	blankContext: autoDraw = False
15.6311 	EXP 	text_disctractors: height = 0.05
15.6311 	EXP 	text_disctractors: height = 0.05
15.6311 	EXP 	text_disctractors: height = 0.05
15.6311 	EXP 	text_disctractors: text = 'VYXBTSN'
15.6311 	EXP 	text_disctractors: autoDraw = True
15.6982 	EXP 	New trial (rep=0, index=1): OrderedDict([('dist', 'FBVMGYZ')])
15.7143 	EXP 	text_disctractors: autoDraw = False
15.7143 	EXP 	text_disctractors: autoDraw = False
15.7143 	EXP 	text_disctractors: height = 0.05
15.7143 	EXP 	text_disctractors: height = 0.05
15.7143 	EXP 	text_disctractors: height = 0.05
15.7143 	EXP 	text_disctractors: text = 'FBVMGYZ'
15.7143 	EXP 	text_disctractors: autoDraw = True
15.7815 	EXP 	New trial (rep=0, index=2): OrderedDict([('dist', 'PNHZFRK')])
15.7974 	EXP 	text_disctractors: autoDraw = False
15.7974 	EXP 	text_disctractors: autoDraw = False
15.7974 	EXP 	text_disctractors: height = 0.05
15.7974 	EXP 	text_disctractors: height = 0.05
15.7974 	EXP 	text_disctractors: height = 0.05
15.7974 	EXP 	text_disctractors: text = 'PNHZFRK'
15.7974 	EXP 	text_disctractors: autoDraw = True
15.8654 	EXP 	New trial (rep=0, index=3): OrderedDict([('dist', 'CVSKHYF')])
15.8811 	EXP 	text_disctractors: autoDraw = False
15.8811 	EXP 	text_disctractors: autoDraw = False
15.8811 	EXP 	text_disctractors: height = 0.05
15.8811 	EXP 	text_disctractors: height = 0.05
15.8811 	EXP 	text_disctractors: height = 0.05
15.8811 	EXP 	text_disctractors: text = 'CVSKHYF'
15.8811 	EXP 	text_disctractors: autoDraw = True
15.9486 	EXP 	New trial (rep=0, index=4): OrderedDict([('dist', 'TMZYXVJ')])
15.9643 	EXP 	text_disctractors: autoDraw = False
15.9643 	EXP 	text_disctractors: autoDraw = False
15.9643 	EXP 	text_disctractors: height = 0.05
15.9643 	EXP 	text_disctractors: height = 0.05
15.9643 	EXP 	text_disctractors: height = 0.05
15.9643 	EXP 	text_disctractors: text = 'TMZYXVJ'
15.9643 	EXP 	text_disctractors: autoDraw = True
16.0321 	EXP 	New trial (rep=0, index=5): OrderedDict([('dist', 'TPMRWBX')])
16.0480 	EXP 	text_disctractors: autoDraw = False
16.0480 	EXP 	text_disctractors: autoDraw = False
16.0480 	EXP 	text_disctractors: height = 0.05
16.0480 	EXP 	text_disctractors: height = 0.05
16.0480 	EXP 	text_disctractors: height = 0.05
16.0480 	EXP 	text_disctractors: text = 'TPMRWBX'
16.0480 	EXP 	text_disctractors: autoDraw = True
16.1153 	EXP 	New trial (rep=0, index=6): OrderedDict([('dist', 'TXWSBDY')])
16.1312 	EXP 	text_disctractors: autoDraw = False
16.1312 	EXP 	text_disctractors: autoDraw = False
16.1312 	EXP 	text_disctractors: height = 0.05
16.1312 	EXP 	text_disctractors: height = 0.05
16.1312 	EXP 	text_disctractors: height = 0.05
16.1312 	EXP 	text_disctractors: text = 'TXWSBDY'
16.1312 	EXP 	text_disctractors: autoDraw = True
16.1985 	EXP 	New trial (rep=0, index=7): OrderedDict([('dist', 'PSKDHLC')])
16.2151 	EXP 	text_disctractors: autoDraw = False
16.2151 	EXP 	text_disctractors: autoDraw = False
16.2151 	EXP 	text_disctractors: height = 0.05
16.2151 	EXP 	text_disctractors: height = 0.05
16.2151 	EXP 	text_disctractors: height = 0.05
16.2151 	EXP 	text_disctractors: text = 'PSKDHLC'
16.2151 	EXP 	text_disctractors: autoDraw = True
16.2822 	EXP 	New trial (rep=0, index=8): OrderedDict([('dist', 'SGWZLKR')])
16.2979 	EXP 	text_disctractors: autoDraw = False
16.2979 	EXP 	text_disctractors: autoDraw = False
16.2979 	EXP 	text_disctractors: height = 0.05
16.2979 	EXP 	text_disctractors: height = 0.05
16.2979 	EXP 	text_disctractors: height = 0.05
16.2979 	EXP 	text_disctractors: text = 'SGWZLKR'
16.2979 	EXP 	text_disctractors: autoDraw = True
16.3657 	EXP 	New trial (rep=0, index=9): OrderedDict([('dist', 'BFSHVMY')])
16.3815 	EXP 	text_disctractors: autoDraw = False
16.3815 	EXP 	text_disctractors: autoDraw = False
16.3815 	EXP 	text_disctractors: height = 0.05
16.3815 	EXP 	text_disctractors: height = 0.05
16.3815 	EXP 	text_disctractors: height = 0.05
16.3815 	EXP 	text_disctractors: text = 'BFSHVMY'
16.3815 	EXP 	text_disctractors: autoDraw = True
16.4489 	EXP 	New trial (rep=0, index=10): OrderedDict([('dist', 'GBDHMJF')])
16.4648 	EXP 	text_disctractors: autoDraw = False
16.4648 	EXP 	text_disctractors: autoDraw = False
16.4648 	EXP 	text_disctractors: height = 0.05
16.4648 	EXP 	text_disctractors: height = 0.05
16.4648 	EXP 	text_disctractors: height = 0.05
16.4648 	EXP 	text_disctractors: text = 'GBDHMJF'
16.4648 	EXP 	text_disctractors: autoDraw = True
16.5324 	EXP 	New trial (rep=0, index=11): OrderedDict([('dist', 'HRQYSGD')])
16.5482 	EXP 	text_disctractors: autoDraw = False
16.5482 	EXP 	text_disctractors: autoDraw = False
16.5482 	EXP 	text_disctractors: height = 0.05
16.5482 	EXP 	text_disctractors: height = 0.05
16.5482 	EXP 	text_disctractors: height = 0.05
16.5482 	EXP 	text_disctractors: text = 'HRQYSGD'
16.5482 	EXP 	text_disctractors: autoDraw = True
16.6157 	EXP 	New trial (rep=0, index=12): OrderedDict([('dist', 'RMTKWFQ')])
16.6317 	EXP 	text_disctractors: autoDraw = False
16.6317 	EXP 	text_disctractors: autoDraw = False
16.6317 	EXP 	text_disctractors: height = 0.05
16.6317 	EXP 	text_disctractors: height = 0.05
16.6317 	EXP 	text_disctractors: height = 0.05
16.6317 	EXP 	text_disctractors: text = 'RMTKWFQ'
16.6317 	EXP 	text_disctractors: autoDraw = True
16.6990 	EXP 	New trial (rep=0, index=13): OrderedDict([('dist', 'ZTWLDMH')])
16.7152 	EXP 	text_disctractors: autoDraw = False
16.7152 	EXP 	text_disctractors: autoDraw = False
16.7152 	EXP 	text_disctractors: height = 0.05
16.7152 	EXP 	text_disctractors: height = 0.05
16.7152 	EXP 	text_disctractors: height = 0.05
16.7152 	EXP 	text_disctractors: text = 'ZTWLDMH'
16.7152 	EXP 	text_disctractors: autoDraw = True
16.7826 	EXP 	New trial (rep=0, index=14): OrderedDict([('dist', 'KMJCWBH')])
16.7985 	EXP 	text_disctractors: autoDraw = False
16.7985 	EXP 	text_disctractors: autoDraw = False
16.7985 	EXP 	text_disctractors: height = 0.05
16.7985 	EXP 	text_disctractors: height = 0.05
16.7985 	EXP 	text_disctractors: height = 0.05
16.7985 	EXP 	text_disctractors: text = 'KMJCWBH'
16.7985 	EXP 	text_disctractors: autoDraw = True
16.8657 	EXP 	New trial (rep=0, index=15): OrderedDict([('dist', 'MSGNZDX')])
16.8818 	EXP 	text_disctractors: autoDraw = False
16.8818 	EXP 	text_disctractors: height = 0.05
16.8818 	EXP 	text_disctractors: height = 0.05
16.8818 	EXP 	text_disctractors: height = 0.05
16.8818 	EXP 	text_disctractors: text = 'MSGNZDX'
16.8818 	EXP 	text_disctractors: autoDraw = True
16.9490 	EXP 	New trial (rep=0, index=16): OrderedDict([('dist', 'DYGPMWR')])
16.9656 	EXP 	text_disctractors: autoDraw = False
16.9656 	EXP 	text_disctractors: height = 0.05
16.9656 	EXP 	text_disctractors: height = 0.05
16.9656 	EXP 	text_disctractors: height = 0.05
16.9656 	EXP 	text_disctractors: text = 'DYGPMWR'
16.9656 	EXP 	text_disctractors: autoDraw = True
17.0323 	EXP 	New trial (rep=0, index=17): OrderedDict([('dist', 'TBCNLFY')])
17.0489 	EXP 	text_disctractors: autoDraw = False
17.0489 	EXP 	text_disctractors: height = 0.05
17.0489 	EXP 	text_disctractors: height = 0.05
17.0489 	EXP 	text_disctractors: height = 0.05
17.0489 	EXP 	text_disctractors: text = 'TBCNLFY'
17.0489 	EXP 	text_disctractors: autoDraw = True
17.1163 	EXP 	New trial (rep=0, index=18): OrderedDict([('dist', 'FTVJCQG')])
17.1322 	EXP 	text_disctractors: autoDraw = False
17.1322 	EXP 	text_disctractors: height = 0.05
17.1322 	EXP 	text_disctractors: height = 0.05
17.1322 	EXP 	text_disctractors: height = 0.05
17.1322 	EXP 	text_disctractors: text = 'FTVJCQG'
17.1322 	EXP 	text_disctractors: autoDraw = True
17.2155 	EXP 	text_disctractors: autoDraw = False
17.2155 	EXP 	text_T1: height = 0.05
17.2155 	EXP 	text_T1: height = 0.05
17.2155 	EXP 	text_T1: height = 0.05
17.2155 	EXP 	text_T1: text = 5555555
17.2990 	EXP 	text_T1: autoDraw = True
17.3706 	EXP 	Imported LuckList.csv as conditions, 9 conditions, 8 params
17.3709 	EXP 	Created sequence: random, trialTypes=9, nReps=1, seed=None
17.3711 	EXP 	New trial (rep=0, index=0): OrderedDict([('T0', 'XPONDER'), ('T2', 'XTHINKX'), ('T1', 5555555), ('lagT1', 9), ('lagT2', 7), ('lagEnd', 4), ('responseT1', 'j'), ('responseT2', 'f')])
17.3825 	EXP 	text_T1: autoDraw = False
17.3825 	EXP 	text_T1: autoDraw = False
17.3825 	EXP 	text_disctractors: text = 'FTVJCQG'
17.3825 	EXP 	text_disctractors: autoDraw = True
17.4497 	EXP 	New trial (rep=0, index=1): OrderedDict([('T0', 'XXBAGXX'), ('T2', 'XXSACKX'), ('T1', 3333333), ('lagT1', 9), ('lagT2', 3), ('lagEnd', 8), ('responseT1', 'j'), ('responseT2', 'f')])
17.4657 	EXP 	text_disctractors: autoDraw = False
17.4657 	EXP 	text_disctractors: autoDraw = False
17.4657 	EXP 	text_disctractors: text = 'FTVJCQG'
17.4657 	EXP 	text_disctractors: autoDraw = True
17.5333 	EXP 	New trial (rep=0, index=2): OrderedDict([('T0', 'CURTAIN'), ('T2', 'XDRAPEX'), ('T1', 8888888), ('lagT1', 9), ('lagT2', 7), ('lagEnd', 4), ('responseT1', 'f'), ('responseT2', 'f')])
17.5492 	EXP 	text_disctractors: autoDraw = False
17.5492 	EXP 	text_disctractors: autoDraw = False
17.5492 	EXP 	text_disctractors: text = 'FTVJCQG'
17.5492 	EXP 	text_disctractors: autoDraw = True
17.6168 	EXP 	New trial (rep=0, index=3): OrderedDict([('T0', 'XSTOREX'), ('T2', 'XXSHOPX'), ('T1', 1111111), ('lagT1', 9), ('lagT2', 3), ('lagEnd', 8), ('responseT1', 'j'), ('responseT2', 'f')])
17.6324 	EXP 	text_disctractors: autoDraw = False
17.6324 	EXP 	text_disctractors: autoDraw = False
17.6324 	EXP 	text_disctractors: text = 'FTVJCQG'
17.6324 	EXP 	text_disctractors: autoDraw = True
17.7000 	EXP 	New trial (rep=0, index=4): OrderedDict([('T0', 'XHANDSX'), ('T2', 'XXFEETX'), ('T1', 7777777), ('lagT1', 7), ('lagT2', 1), ('lagEnd', 12), ('responseT1', 'j'), ('responseT2', 'f')])
17.7160 	EXP 	text_disctractors: autoDraw = False
17.7160 	EXP 	text_disctractors: autoDraw = False
17.7160 	EXP 	text_disctractors: text = 'FTVJCQG'
17.7160 	EXP 	text_disctractors: autoDraw = True
17.7839 	EXP 	New trial (rep=0, index=5): OrderedDict([('T0', 'XWEEDSX'), ('T2', 'XROOTSX'), ('T1', 7777777), ('lagT1', 8), ('lagT2', 3), ('lagEnd', 9), ('responseT1', 'j'), ('responseT2', 'f')])
17.7996 	EXP 	text_disctractors: autoDraw = False
17.7996 	EXP 	text_disctractors: autoDraw = False
17.7996 	EXP 	text_disctractors: text = 'FTVJCQG'
17.7996 	EXP 	text_disctractors: autoDraw = True
17.8674 	EXP 	New trial (rep=0, index=6): OrderedDict([('T0', 'XXCATXX'), ('T2', 'XKITTEN'), ('T1', 9999999), ('lagT1', 10), ('lagT2', 1), ('lagEnd', 9), ('responseT1', 'j'), ('responseT2', 'f')])
17.8837 	EXP 	text_disctractors: autoDraw = False
17.8837 	EXP 	text_disctractors: autoDraw = False
17.8837 	EXP 	text_disctractors: text = 'FTVJCQG'
17.8837 	EXP 	text_disctractors: autoDraw = True
17.9505 	EXP 	New trial (rep=0, index=7): OrderedDict([('T0', 'PROMISE'), ('T2', 'XPLEDGE'), ('T1', 2222222), ('lagT1', 7), ('lagT2', 1), ('lagEnd', 12), ('responseT1', 'f'), ('responseT2', 'f')])
17.9662 	EXP 	text_disctractors: autoDraw = False
17.9662 	EXP 	text_disctractors: autoDraw = False
17.9662 	EXP 	text_disctractors: text = 'FTVJCQG'
17.9662 	EXP 	text_disctractors: autoDraw = True
18.0339 	EXP 	New trial (rep=0, index=8): OrderedDict([('T0', 'XSTRAWX'), ('T2', 'XXHAYXX'), ('T1', 4444444), ('lagT1', 7), ('lagT2', 1), ('lagEnd', 12), ('responseT1', 'f'), ('responseT2', 'f')])
18.0500 	EXP 	text_disctractors: autoDraw = False
18.0500 	EXP 	text_disctractors: autoDraw = False
18.0500 	EXP 	text_disctractors: text = 'FTVJCQG'
18.0500 	EXP 	text_disctractors: autoDraw = True
18.1332 	EXP 	text_disctractors: autoDraw = False
18.1332 	EXP 	text_disctractors: autoDraw = False
18.1332 	EXP 	text_T2: height = 0.05
18.1332 	EXP 	text_T2: height = 0.05
18.1332 	EXP 	text_T2: height = 0.05
18.1332 	EXP 	text_T2: text = 'XXHAYXX'
18.2170 	EXP 	text_T2: autoDraw = True
18.2886 	EXP 	Imported LuckList.csv as conditions, 9 conditions, 8 params
18.2889 	EXP 	Created sequence: random, trialTypes=9, nReps=1, seed=None
18.2891 	EXP 	New trial (rep=0, index=0): OrderedDict([('T0', 'CURTAIN'), ('T2', 'XDRAPEX'), ('T1', 8888888), ('lagT1', 9), ('lagT2', 7), ('lagEnd', 4), ('responseT1', 'f'), ('responseT2', 'f')])
18.3002 	EXP 	text_T2: autoDraw = False
18.3002 	EXP 	text_T2: autoDraw = False
18.3002 	EXP 	text_disctractors: text = 'FTVJCQG'
18.3002 	EXP 	text_disctractors: autoDraw = True
18.3675 	EXP 	New trial (rep=0, index=1): OrderedDict([('T0', 'XSTOREX'), ('T2', 'XXSHOPX'), ('T1', 1111111), ('lagT1', 9), ('lagT2', 3), ('lagEnd', 8), ('responseT1', 'j'), ('responseT2', 'f')])
18.3836 	EXP 	text_disctractors: autoDraw = False
18.3836 	EXP 	text_disctractors: autoDraw = False
18.3836 	EXP 	text_disctractors: text = 'FTVJCQG'
18.3836 	EXP 	text_disctractors: autoDraw = True
18.4510 	EXP 	New trial (rep=0, index=2): OrderedDict([('T0', 'XXCATXX'), ('T2', 'XKITTEN'), ('T1', 9999999), ('lagT1', 10), ('lagT2', 1), ('lagEnd', 9), ('responseT1', 'j'), ('responseT2', 'f')])
18.4671 	EXP 	text_disctractors: autoDraw = False
18.4671 	EXP 	text_disctractors: autoDraw = False
18.4671 	EXP 	text_disctractors: text = 'FTVJCQG'
18.4671 	EXP 	text_disctractors: autoDraw = True
18.5345 	EXP 	New trial (rep=0, index=3): OrderedDict([('T0', 'XHANDSX'), ('T2', 'XXFEETX'), ('T1', 7777777), ('lagT1', 7), ('lagT2', 1), ('lagEnd', 12), ('responseT1', 'j'), ('responseT2', 'f')])
18.5507 	EXP 	text_disctractors: autoDraw = False
18.5507 	EXP 	text_disctractors: autoDraw = False
18.5507 	EXP 	text_disctractors: text = 'FTVJCQG'
18.5507 	EXP 	text_disctractors: autoDraw = True
18.6180 	EXP 	New trial (rep=0, index=4): OrderedDict([('T0', 'XPONDER'), ('T2', 'XTHINKX'), ('T1', 5555555), ('lagT1', 9), ('lagT2', 7), ('lagEnd', 4), ('responseT1', 'j'), ('responseT2', 'f')])
18.6340 	EXP 	text_disctractors: autoDraw = False
18.6340 	EXP 	text_disctractors: autoDraw = False
18.6340 	EXP 	text_disctractors: text = 'FTVJCQG'
18.6340 	EXP 	text_disctractors: autoDraw = True
18.7014 	EXP 	New trial (rep=0, index=5): OrderedDict([('T0', 'XWEEDSX'), ('T2', 'XROOTSX'), ('T1', 7777777), ('lagT1', 8), ('lagT2', 3), ('lagEnd', 9), ('responseT1', 'j'), ('responseT2', 'f')])
18.7173 	EXP 	text_disctractors: autoDraw = False
18.7173 	EXP 	text_disctractors: autoDraw = False
18.7173 	EXP 	text_disctractors: text = 'FTVJCQG'
18.7173 	EXP 	text_disctractors: autoDraw = True
18.7844 	EXP 	New trial (rep=0, index=6): OrderedDict([('T0', 'XXBAGXX'), ('T2', 'XXSACKX'), ('T1', 3333333), ('lagT1', 9), ('lagT2', 3), ('lagEnd', 8), ('responseT1', 'j'), ('responseT2', 'f')])
18.8007 	EXP 	text_disctractors: autoDraw = False
18.8007 	EXP 	text_disctractors: autoDraw = False
18.8007 	EXP 	text_disctractors: text = 'FTVJCQG'
18.8007 	EXP 	text_disctractors: autoDraw = True
18.8680 	EXP 	New trial (rep=0, index=7): OrderedDict([('T0', 'XSTRAWX'), ('T2', 'XXHAYXX'), ('T1', 4444444), ('lagT1', 7), ('lagT2', 1), ('lagEnd', 12), ('responseT1', 'f'), ('responseT2', 'f')])
18.8839 	EXP 	text_disctractors: autoDraw = False
18.8839 	EXP 	text_disctractors: autoDraw = False
18.8839 	EXP 	text_disctractors: text = 'FTVJCQG'
18.8839 	EXP 	text_disctractors: autoDraw = True
18.9514 	EXP 	New trial (rep=0, index=8): OrderedDict([('T0', 'PROMISE'), ('T2', 'XPLEDGE'), ('T1', 2222222), ('lagT1', 7), ('lagT2', 1), ('lagEnd', 12), ('responseT1', 'f'), ('responseT2', 'f')])
18.9676 	EXP 	text_disctractors: autoDraw = False
18.9676 	EXP 	text_disctractors: autoDraw = False
18.9676 	EXP 	text_disctractors: text = 'FTVJCQG'
18.9676 	EXP 	text_disctractors: autoDraw = True
19.0507 	EXP 	text_disctractors: autoDraw = False
19.0507 	EXP 	text_disctractors: autoDraw = False
19.0507 	EXP 	blankT1_1: autoDraw = True
20.0521 	EXP 	blankT1_1: autoDraw = False
20.0521 	EXP 	text_T1ask: autoDraw = True
22.0536 	EXP 	text_T1ask: autoDraw = False
22.0536 	EXP 	blankT1_2: autoDraw = True
22.9068 	DATA 	Keypress: escape
23.0220 	EXP 	AB: status = STOPPED
23.0395 	EXP 	blankT1_2: autoDraw = False
23.0396 	EXP 	AB: status = STOPPED
23.1138 	EXP 	window1: mouseVisible = True
